[33mWARNING[0m:  [23-03-2025 14:22:09] chroma_server_nofile is not supported on Windows. chroma_server_nofile will not be set.
[32mINFO[0m:     [23-03-2025 14:22:10] Anonymized telemetry enabled. See                     https://docs.trychroma.com/telemetry for more information.
[36mDEBUG[0m:    [23-03-2025 14:22:10] Starting component System
[36mDEBUG[0m:    [23-03-2025 14:22:10] Starting component OpenTelemetryClient
[36mDEBUG[0m:    [23-03-2025 14:22:10] Starting component SqliteDB
[36mDEBUG[0m:    [23-03-2025 14:22:10] Starting component SimpleQuotaEnforcer
[36mDEBUG[0m:    [23-03-2025 14:22:10] Starting component Posthog
[36mDEBUG[0m:    [23-03-2025 14:22:10] Starting component SimpleRateLimitEnforcer
[36mDEBUG[0m:    [23-03-2025 14:22:10] Starting component LocalSegmentManager
[36mDEBUG[0m:    [23-03-2025 14:22:10] Starting component LocalExecutor
[36mDEBUG[0m:    [23-03-2025 14:22:10] Starting component SegmentAPI
[36mDEBUG[0m:    [23-03-2025 14:22:10] Starting component SimpleAsyncRateLimitEnforcer
[32mINFO[0m:     [23-03-2025 14:22:10] Started server process [[36m22340[0m]
[32mINFO[0m:     [23-03-2025 14:22:10] Waiting for application startup.
[32mINFO[0m:     [23-03-2025 14:22:10] Application startup complete.
[32mINFO[0m:     [23-03-2025 14:22:10] Uvicorn running on [1mhttp://localhost:8000[0m (Press CTRL+C to quit)
[32mINFO[0m:     [23-03-2025 14:22:45] ::1:56043 - "GET /api/v2/tenants/default_tenant HTTP/1.1" 200
[32mINFO[0m:     [23-03-2025 14:22:45] ::1:56044 - "GET /api/v2/tenants/default_tenant/databases/default_database HTTP/1.1" 200
[36mDEBUG[0m:    [23-03-2025 14:22:45] Collection custom_rag already exists, returning existing collection.
[32mINFO[0m:     [23-03-2025 14:22:45] ::1:56043 - "POST /api/v2/tenants/default_tenant/databases/default_database/collections HTTP/1.1" 200
[32mINFO[0m:     [23-03-2025 14:22:45] ::1:56043 - "DELETE /api/v2/tenants/default_tenant/databases/default_database/collections/custom_rag HTTP/1.1" 200
[32mINFO[0m:     [23-03-2025 14:22:45] ::1:56044 - "POST /api/v2/tenants/default_tenant/databases/default_database/collections HTTP/1.1" 200
[36mDEBUG[0m:    [23-03-2025 14:22:45] Starting component PersistentLocalHnswSegment
[32mINFO[0m:     [23-03-2025 14:22:45] ::1:56043 - "POST /api/v2/tenants/default_tenant/databases/default_database/collections/ac6c5c95-fc42-47eb-b263-63096abf2ab4/query HTTP/1.1" 200
[32mINFO[0m:     [23-03-2025 14:22:45] ::1:56044 - "POST /api/v2/tenants/default_tenant/databases/default_database/collections/ac6c5c95-fc42-47eb-b263-63096abf2ab4/add HTTP/1.1" 201
[33mWARNING[0m:  [23-03-2025 14:22:45] Number of requested results 5 is greater than number of elements in index 1, updating n_results = 1
[32mINFO[0m:     [23-03-2025 14:22:45] ::1:56043 - "POST /api/v2/tenants/default_tenant/databases/default_database/collections/ac6c5c95-fc42-47eb-b263-63096abf2ab4/query HTTP/1.1" 200
[32mINFO[0m:     [23-03-2025 14:22:46] ::1:56044 - "POST /api/v2/tenants/default_tenant/databases/default_database/collections/ac6c5c95-fc42-47eb-b263-63096abf2ab4/add HTTP/1.1" 201
[33mWARNING[0m:  [23-03-2025 14:22:46] Number of requested results 5 is greater than number of elements in index 2, updating n_results = 2
[32mINFO[0m:     [23-03-2025 14:22:46] ::1:56043 - "POST /api/v2/tenants/default_tenant/databases/default_database/collections/ac6c5c95-fc42-47eb-b263-63096abf2ab4/query HTTP/1.1" 200
[32mINFO[0m:     [23-03-2025 14:22:46] ::1:56044 - "POST /api/v2/tenants/default_tenant/databases/default_database/collections/ac6c5c95-fc42-47eb-b263-63096abf2ab4/add HTTP/1.1" 201
[33mWARNING[0m:  [23-03-2025 14:22:46] Number of requested results 5 is greater than number of elements in index 3, updating n_results = 3
[32mINFO[0m:     [23-03-2025 14:22:46] ::1:56043 - "POST /api/v2/tenants/default_tenant/databases/default_database/collections/ac6c5c95-fc42-47eb-b263-63096abf2ab4/query HTTP/1.1" 200
[33mWARNING[0m:  [23-03-2025 14:22:46] Number of requested results 5 is greater than number of elements in index 3, updating n_results = 3
[32mINFO[0m:     [23-03-2025 14:22:46] ::1:56044 - "POST /api/v2/tenants/default_tenant/databases/default_database/collections/ac6c5c95-fc42-47eb-b263-63096abf2ab4/query HTTP/1.1" 200
[33mWARNING[0m:  [23-03-2025 14:22:46] Number of requested results 5 is greater than number of elements in index 3, updating n_results = 3
[32mINFO[0m:     [23-03-2025 14:22:46] ::1:56043 - "POST /api/v2/tenants/default_tenant/databases/default_database/collections/ac6c5c95-fc42-47eb-b263-63096abf2ab4/query HTTP/1.1" 200
[32mINFO[0m:     [23-03-2025 14:24:19] ::1:56101 - "GET /api/v2/tenants/default_tenant HTTP/1.1" 200
[32mINFO[0m:     [23-03-2025 14:24:19] ::1:56102 - "GET /api/v2/tenants/default_tenant/databases/default_database HTTP/1.1" 200
[36mDEBUG[0m:    [23-03-2025 14:24:19] Collection custom_rag already exists, returning existing collection.
[32mINFO[0m:     [23-03-2025 14:24:19] ::1:56101 - "POST /api/v2/tenants/default_tenant/databases/default_database/collections HTTP/1.1" 200
[32mINFO[0m:     [23-03-2025 14:24:19] ::1:56101 - "DELETE /api/v2/tenants/default_tenant/databases/default_database/collections/custom_rag HTTP/1.1" 200
[32mINFO[0m:     [23-03-2025 14:24:19] ::1:56102 - "POST /api/v2/tenants/default_tenant/databases/default_database/collections HTTP/1.1" 200
[36mDEBUG[0m:    [23-03-2025 14:24:20] Starting component PersistentLocalHnswSegment
[32mINFO[0m:     [23-03-2025 14:24:20] ::1:56101 - "POST /api/v2/tenants/default_tenant/databases/default_database/collections/ea5c3c63-2936-4f12-9994-17f5759dabbe/query HTTP/1.1" 200
[32mINFO[0m:     [23-03-2025 14:24:20] ::1:56102 - "POST /api/v2/tenants/default_tenant/databases/default_database/collections/ea5c3c63-2936-4f12-9994-17f5759dabbe/add HTTP/1.1" 201
[33mWARNING[0m:  [23-03-2025 14:24:20] Number of requested results 5 is greater than number of elements in index 1, updating n_results = 1
[32mINFO[0m:     [23-03-2025 14:24:20] ::1:56101 - "POST /api/v2/tenants/default_tenant/databases/default_database/collections/ea5c3c63-2936-4f12-9994-17f5759dabbe/query HTTP/1.1" 200
[32mINFO[0m:     [23-03-2025 14:24:20] ::1:56102 - "POST /api/v2/tenants/default_tenant/databases/default_database/collections/ea5c3c63-2936-4f12-9994-17f5759dabbe/add HTTP/1.1" 201
[33mWARNING[0m:  [23-03-2025 14:24:20] Number of requested results 5 is greater than number of elements in index 2, updating n_results = 2
[32mINFO[0m:     [23-03-2025 14:24:20] ::1:56101 - "POST /api/v2/tenants/default_tenant/databases/default_database/collections/ea5c3c63-2936-4f12-9994-17f5759dabbe/query HTTP/1.1" 200
[32mINFO[0m:     [23-03-2025 14:24:20] ::1:56102 - "POST /api/v2/tenants/default_tenant/databases/default_database/collections/ea5c3c63-2936-4f12-9994-17f5759dabbe/add HTTP/1.1" 201
[33mWARNING[0m:  [23-03-2025 14:24:20] Number of requested results 5 is greater than number of elements in index 3, updating n_results = 3
[32mINFO[0m:     [23-03-2025 14:24:20] ::1:56101 - "POST /api/v2/tenants/default_tenant/databases/default_database/collections/ea5c3c63-2936-4f12-9994-17f5759dabbe/query HTTP/1.1" 200
[33mWARNING[0m:  [23-03-2025 14:24:20] Number of requested results 5 is greater than number of elements in index 3, updating n_results = 3
[32mINFO[0m:     [23-03-2025 14:24:20] ::1:56102 - "POST /api/v2/tenants/default_tenant/databases/default_database/collections/ea5c3c63-2936-4f12-9994-17f5759dabbe/query HTTP/1.1" 200
[33mWARNING[0m:  [23-03-2025 14:24:20] Number of requested results 5 is greater than number of elements in index 3, updating n_results = 3
[32mINFO[0m:     [23-03-2025 14:24:20] ::1:56101 - "POST /api/v2/tenants/default_tenant/databases/default_database/collections/ea5c3c63-2936-4f12-9994-17f5759dabbe/query HTTP/1.1" 200
[32mINFO[0m:     [23-03-2025 14:25:15] Shutting down
[32mINFO[0m:     [23-03-2025 14:25:15] Waiting for application shutdown.
[36mDEBUG[0m:    [23-03-2025 14:25:15] Stopping component System
[36mDEBUG[0m:    [23-03-2025 14:25:15] Stopping component SegmentAPI
[36mDEBUG[0m:    [23-03-2025 14:25:15] Stopping component LocalExecutor
[36mDEBUG[0m:    [23-03-2025 14:25:15] Stopping component PersistentLocalHnswSegment
[36mDEBUG[0m:    [23-03-2025 14:25:15] Stopping component PersistentLocalHnswSegment
[36mDEBUG[0m:    [23-03-2025 14:25:15] Stopping component LocalSegmentManager
[36mDEBUG[0m:    [23-03-2025 14:25:15] Stopping component SimpleAsyncRateLimitEnforcer
[36mDEBUG[0m:    [23-03-2025 14:25:15] Stopping component SimpleRateLimitEnforcer
[36mDEBUG[0m:    [23-03-2025 14:25:15] Stopping component Posthog
[36mDEBUG[0m:    [23-03-2025 14:25:15] Stopping component SimpleQuotaEnforcer
[36mDEBUG[0m:    [23-03-2025 14:25:15] Stopping component SqliteDB
[36mDEBUG[0m:    [23-03-2025 14:25:15] Stopping component OpenTelemetryClient
[32mINFO[0m:     [23-03-2025 14:25:15] Application shutdown complete.
[32mINFO[0m:     [23-03-2025 14:25:15] Finished server process [[36m22340[0m]
[33mWARNING[0m:  [23-03-2025 14:25:27] chroma_server_nofile is not supported on Windows. chroma_server_nofile will not be set.
[32mINFO[0m:     [23-03-2025 14:25:27] Anonymized telemetry enabled. See                     https://docs.trychroma.com/telemetry for more information.
[36mDEBUG[0m:    [23-03-2025 14:25:27] Starting component System
[36mDEBUG[0m:    [23-03-2025 14:25:27] Starting component OpenTelemetryClient
[36mDEBUG[0m:    [23-03-2025 14:25:27] Starting component SqliteDB
[36mDEBUG[0m:    [23-03-2025 14:25:27] Starting component SimpleQuotaEnforcer
[36mDEBUG[0m:    [23-03-2025 14:25:27] Starting component Posthog
[36mDEBUG[0m:    [23-03-2025 14:25:27] Starting component SimpleRateLimitEnforcer
[36mDEBUG[0m:    [23-03-2025 14:25:27] Starting component LocalSegmentManager
[36mDEBUG[0m:    [23-03-2025 14:25:27] Starting component LocalExecutor
[36mDEBUG[0m:    [23-03-2025 14:25:27] Starting component SegmentAPI
[36mDEBUG[0m:    [23-03-2025 14:25:27] Starting component SimpleAsyncRateLimitEnforcer
[32mINFO[0m:     [23-03-2025 14:25:27] Started server process [[36m24512[0m]
[32mINFO[0m:     [23-03-2025 14:25:27] Waiting for application startup.
[32mINFO[0m:     [23-03-2025 14:25:27] Application startup complete.
[32mINFO[0m:     [23-03-2025 14:25:27] Uvicorn running on [1mhttp://localhost:8000[0m (Press CTRL+C to quit)
[32mINFO[0m:     [23-03-2025 14:25:42] ::1:56152 - "GET /api/v2/tenants/default_tenant HTTP/1.1" 200
[32mINFO[0m:     [23-03-2025 14:25:42] ::1:56153 - "GET /api/v2/tenants/default_tenant/databases/default_database HTTP/1.1" 200
[32mINFO[0m:     [23-03-2025 14:25:42] ::1:56152 - "POST /api/v2/tenants/default_tenant/databases/default_database/collections HTTP/1.1" 200
[32mINFO[0m:     [23-03-2025 14:25:42] ::1:56152 - "DELETE /api/v2/tenants/default_tenant/databases/default_database/collections/custom_rag HTTP/1.1" 200
[32mINFO[0m:     [23-03-2025 14:25:42] ::1:56153 - "POST /api/v2/tenants/default_tenant/databases/default_database/collections HTTP/1.1" 200
[36mDEBUG[0m:    [23-03-2025 14:25:42] Starting component PersistentLocalHnswSegment
[32mINFO[0m:     [23-03-2025 14:25:42] ::1:56152 - "POST /api/v2/tenants/default_tenant/databases/default_database/collections/fadb0b0b-1c06-4b82-ba2b-357811f46f0c/query HTTP/1.1" 200
[32mINFO[0m:     [23-03-2025 14:25:42] ::1:56153 - "POST /api/v2/tenants/default_tenant/databases/default_database/collections/fadb0b0b-1c06-4b82-ba2b-357811f46f0c/add HTTP/1.1" 201
[33mWARNING[0m:  [23-03-2025 14:25:42] Number of requested results 5 is greater than number of elements in index 1, updating n_results = 1
[32mINFO[0m:     [23-03-2025 14:25:42] ::1:56152 - "POST /api/v2/tenants/default_tenant/databases/default_database/collections/fadb0b0b-1c06-4b82-ba2b-357811f46f0c/query HTTP/1.1" 200
[32mINFO[0m:     [23-03-2025 14:25:42] ::1:56153 - "POST /api/v2/tenants/default_tenant/databases/default_database/collections/fadb0b0b-1c06-4b82-ba2b-357811f46f0c/add HTTP/1.1" 201
[33mWARNING[0m:  [23-03-2025 14:25:42] Number of requested results 5 is greater than number of elements in index 2, updating n_results = 2
[32mINFO[0m:     [23-03-2025 14:25:42] ::1:56152 - "POST /api/v2/tenants/default_tenant/databases/default_database/collections/fadb0b0b-1c06-4b82-ba2b-357811f46f0c/query HTTP/1.1" 200
[32mINFO[0m:     [23-03-2025 14:25:42] ::1:56153 - "POST /api/v2/tenants/default_tenant/databases/default_database/collections/fadb0b0b-1c06-4b82-ba2b-357811f46f0c/add HTTP/1.1" 201
[33mWARNING[0m:  [23-03-2025 14:25:42] Number of requested results 5 is greater than number of elements in index 3, updating n_results = 3
[32mINFO[0m:     [23-03-2025 14:25:42] ::1:56152 - "POST /api/v2/tenants/default_tenant/databases/default_database/collections/fadb0b0b-1c06-4b82-ba2b-357811f46f0c/query HTTP/1.1" 200
[33mWARNING[0m:  [23-03-2025 14:25:42] Number of requested results 5 is greater than number of elements in index 3, updating n_results = 3
[32mINFO[0m:     [23-03-2025 14:25:42] ::1:56153 - "POST /api/v2/tenants/default_tenant/databases/default_database/collections/fadb0b0b-1c06-4b82-ba2b-357811f46f0c/query HTTP/1.1" 200
[33mWARNING[0m:  [23-03-2025 14:25:42] Number of requested results 5 is greater than number of elements in index 3, updating n_results = 3
[32mINFO[0m:     [23-03-2025 14:25:42] ::1:56152 - "POST /api/v2/tenants/default_tenant/databases/default_database/collections/fadb0b0b-1c06-4b82-ba2b-357811f46f0c/query HTTP/1.1" 200
[32mINFO[0m:     [23-03-2025 14:30:12] ::1:56457 - "GET /api/v2/tenants/default_tenant HTTP/1.1" 200
[32mINFO[0m:     [23-03-2025 14:30:12] ::1:56458 - "GET /api/v2/tenants/default_tenant/databases/default_database HTTP/1.1" 200
[36mDEBUG[0m:    [23-03-2025 14:30:12] Collection custom_rag already exists, returning existing collection.
[32mINFO[0m:     [23-03-2025 14:30:12] ::1:56457 - "POST /api/v2/tenants/default_tenant/databases/default_database/collections HTTP/1.1" 200
[32mINFO[0m:     [23-03-2025 14:30:12] ::1:56457 - "DELETE /api/v2/tenants/default_tenant/databases/default_database/collections/custom_rag HTTP/1.1" 200
[32mINFO[0m:     [23-03-2025 14:30:12] ::1:56458 - "POST /api/v2/tenants/default_tenant/databases/default_database/collections HTTP/1.1" 200
[36mDEBUG[0m:    [23-03-2025 14:30:12] Starting component PersistentLocalHnswSegment
[32mINFO[0m:     [23-03-2025 14:30:12] ::1:56457 - "POST /api/v2/tenants/default_tenant/databases/default_database/collections/55bc94c0-8629-481b-9d9b-cf0c6e7cb483/add HTTP/1.1" 201
[32mINFO[0m:     [23-03-2025 14:30:12] ::1:56458 - "POST /api/v2/tenants/default_tenant/databases/default_database/collections/55bc94c0-8629-481b-9d9b-cf0c6e7cb483/add HTTP/1.1" 201
[32mINFO[0m:     [23-03-2025 14:30:12] ::1:56457 - "POST /api/v2/tenants/default_tenant/databases/default_database/collections/55bc94c0-8629-481b-9d9b-cf0c6e7cb483/add HTTP/1.1" 201
[32mINFO[0m:     [23-03-2025 14:30:12] ::1:56458 - "POST /api/v2/tenants/default_tenant/databases/default_database/collections/55bc94c0-8629-481b-9d9b-cf0c6e7cb483/add HTTP/1.1" 201
[33mWARNING[0m:  [23-03-2025 14:30:12] Number of requested results 5 is greater than number of elements in index 4, updating n_results = 4
[32mINFO[0m:     [23-03-2025 14:30:12] ::1:56457 - "POST /api/v2/tenants/default_tenant/databases/default_database/collections/55bc94c0-8629-481b-9d9b-cf0c6e7cb483/query HTTP/1.1" 200
[33mWARNING[0m:  [23-03-2025 14:30:12] Number of requested results 5 is greater than number of elements in index 4, updating n_results = 4
[32mINFO[0m:     [23-03-2025 14:30:12] ::1:56458 - "POST /api/v2/tenants/default_tenant/databases/default_database/collections/55bc94c0-8629-481b-9d9b-cf0c6e7cb483/query HTTP/1.1" 200
[32mINFO[0m:     [23-03-2025 14:59:26] ::1:57477 - "GET /api/v2/tenants/default_tenant HTTP/1.1" 200
[32mINFO[0m:     [23-03-2025 14:59:26] ::1:57478 - "GET /api/v2/tenants/default_tenant/databases/default_database HTTP/1.1" 200
[36mDEBUG[0m:    [23-03-2025 14:59:26] Collection custom_rag already exists, returning existing collection.
[32mINFO[0m:     [23-03-2025 14:59:26] ::1:57477 - "POST /api/v2/tenants/default_tenant/databases/default_database/collections HTTP/1.1" 200
[32mINFO[0m:     [23-03-2025 14:59:26] ::1:57477 - "DELETE /api/v2/tenants/default_tenant/databases/default_database/collections/custom_rag HTTP/1.1" 200
[32mINFO[0m:     [23-03-2025 14:59:26] ::1:57478 - "POST /api/v2/tenants/default_tenant/databases/default_database/collections HTTP/1.1" 200
[36mDEBUG[0m:    [23-03-2025 14:59:26] Starting component PersistentLocalHnswSegment
[32mINFO[0m:     [23-03-2025 14:59:26] ::1:57477 - "POST /api/v2/tenants/default_tenant/databases/default_database/collections/3af8a201-993c-42f8-817e-e705a18b9b3e/add HTTP/1.1" 201
[32mINFO[0m:     [23-03-2025 14:59:26] ::1:57478 - "POST /api/v2/tenants/default_tenant/databases/default_database/collections/3af8a201-993c-42f8-817e-e705a18b9b3e/add HTTP/1.1" 201
[32mINFO[0m:     [23-03-2025 14:59:26] ::1:57477 - "POST /api/v2/tenants/default_tenant/databases/default_database/collections/3af8a201-993c-42f8-817e-e705a18b9b3e/add HTTP/1.1" 201
[32mINFO[0m:     [23-03-2025 14:59:26] ::1:57478 - "POST /api/v2/tenants/default_tenant/databases/default_database/collections/3af8a201-993c-42f8-817e-e705a18b9b3e/add HTTP/1.1" 201
[33mWARNING[0m:  [23-03-2025 14:59:26] Number of requested results 5 is greater than number of elements in index 4, updating n_results = 4
[32mINFO[0m:     [23-03-2025 14:59:26] ::1:57477 - "POST /api/v2/tenants/default_tenant/databases/default_database/collections/3af8a201-993c-42f8-817e-e705a18b9b3e/query HTTP/1.1" 200
[32mINFO[0m:     [23-03-2025 15:01:18] ::1:57559 - "GET /api/v2/tenants/default_tenant HTTP/1.1" 200
[32mINFO[0m:     [23-03-2025 15:01:18] ::1:57560 - "GET /api/v2/tenants/default_tenant/databases/default_database HTTP/1.1" 200
[36mDEBUG[0m:    [23-03-2025 15:01:18] Collection custom_rag already exists, returning existing collection.
[32mINFO[0m:     [23-03-2025 15:01:18] ::1:57559 - "POST /api/v2/tenants/default_tenant/databases/default_database/collections HTTP/1.1" 200
[32mINFO[0m:     [23-03-2025 15:01:18] ::1:57559 - "DELETE /api/v2/tenants/default_tenant/databases/default_database/collections/custom_rag HTTP/1.1" 200
[32mINFO[0m:     [23-03-2025 15:01:18] ::1:57560 - "POST /api/v2/tenants/default_tenant/databases/default_database/collections HTTP/1.1" 200
[36mDEBUG[0m:    [23-03-2025 15:01:19] Starting component PersistentLocalHnswSegment
[32mINFO[0m:     [23-03-2025 15:01:19] ::1:57559 - "POST /api/v2/tenants/default_tenant/databases/default_database/collections/e71161f8-522f-4ad2-aeaf-ad77c84ec7e7/add HTTP/1.1" 201
[32mINFO[0m:     [23-03-2025 15:01:19] ::1:57560 - "POST /api/v2/tenants/default_tenant/databases/default_database/collections/e71161f8-522f-4ad2-aeaf-ad77c84ec7e7/add HTTP/1.1" 201
[32mINFO[0m:     [23-03-2025 15:01:19] ::1:57559 - "POST /api/v2/tenants/default_tenant/databases/default_database/collections/e71161f8-522f-4ad2-aeaf-ad77c84ec7e7/add HTTP/1.1" 201
[32mINFO[0m:     [23-03-2025 15:01:19] ::1:57560 - "POST /api/v2/tenants/default_tenant/databases/default_database/collections/e71161f8-522f-4ad2-aeaf-ad77c84ec7e7/add HTTP/1.1" 201
[33mWARNING[0m:  [23-03-2025 15:01:19] Number of requested results 5 is greater than number of elements in index 4, updating n_results = 4
[32mINFO[0m:     [23-03-2025 15:01:19] ::1:57559 - "POST /api/v2/tenants/default_tenant/databases/default_database/collections/e71161f8-522f-4ad2-aeaf-ad77c84ec7e7/query HTTP/1.1" 200
[32mINFO[0m:     [23-03-2025 15:02:45] ::1:57697 - "GET /api/v2/tenants/default_tenant HTTP/1.1" 200
[32mINFO[0m:     [23-03-2025 15:02:45] ::1:57699 - "GET /api/v2/tenants/default_tenant/databases/default_database HTTP/1.1" 200
[36mDEBUG[0m:    [23-03-2025 15:02:45] Collection custom_rag already exists, returning existing collection.
[32mINFO[0m:     [23-03-2025 15:02:45] ::1:57697 - "POST /api/v2/tenants/default_tenant/databases/default_database/collections HTTP/1.1" 200
[32mINFO[0m:     [23-03-2025 15:02:45] ::1:57697 - "POST /api/v2/tenants/default_tenant/databases/default_database/collections/e71161f8-522f-4ad2-aeaf-ad77c84ec7e7/get HTTP/1.1" 200
[32mINFO[0m:     [23-03-2025 15:02:45] ::1:57699 - "POST /api/v2/tenants/default_tenant/databases/default_database/collections/e71161f8-522f-4ad2-aeaf-ad77c84ec7e7/delete HTTP/1.1" 200
[32mINFO[0m:     [23-03-2025 15:02:45] ::1:57697 - "DELETE /api/v2/tenants/default_tenant/databases/default_database/collections/custom_rag HTTP/1.1" 200
[32mINFO[0m:     [23-03-2025 15:02:45] ::1:57699 - "POST /api/v2/tenants/default_tenant/databases/default_database/collections HTTP/1.1" 200
[36mDEBUG[0m:    [23-03-2025 15:02:45] Starting component PersistentLocalHnswSegment
[32mINFO[0m:     [23-03-2025 15:02:45] ::1:57697 - "POST /api/v2/tenants/default_tenant/databases/default_database/collections/e346d629-4105-4485-b99e-40c82f1de9f7/add HTTP/1.1" 201
[32mINFO[0m:     [23-03-2025 15:02:45] ::1:57699 - "POST /api/v2/tenants/default_tenant/databases/default_database/collections/e346d629-4105-4485-b99e-40c82f1de9f7/add HTTP/1.1" 201
[32mINFO[0m:     [23-03-2025 15:02:45] ::1:57697 - "POST /api/v2/tenants/default_tenant/databases/default_database/collections/e346d629-4105-4485-b99e-40c82f1de9f7/add HTTP/1.1" 201
[32mINFO[0m:     [23-03-2025 15:02:45] ::1:57699 - "POST /api/v2/tenants/default_tenant/databases/default_database/collections/e346d629-4105-4485-b99e-40c82f1de9f7/add HTTP/1.1" 201
[33mWARNING[0m:  [23-03-2025 15:02:45] Number of requested results 5 is greater than number of elements in index 4, updating n_results = 4
[32mINFO[0m:     [23-03-2025 15:02:45] ::1:57697 - "POST /api/v2/tenants/default_tenant/databases/default_database/collections/e346d629-4105-4485-b99e-40c82f1de9f7/query HTTP/1.1" 200
[32mINFO[0m:     [23-03-2025 15:02:54] ::1:57710 - "GET /api/v2/tenants/default_tenant HTTP/1.1" 200
[32mINFO[0m:     [23-03-2025 15:02:54] ::1:57711 - "GET /api/v2/tenants/default_tenant/databases/default_database HTTP/1.1" 200
[36mDEBUG[0m:    [23-03-2025 15:02:54] Collection custom_rag already exists, returning existing collection.
[32mINFO[0m:     [23-03-2025 15:02:54] ::1:57710 - "POST /api/v2/tenants/default_tenant/databases/default_database/collections HTTP/1.1" 200
[32mINFO[0m:     [23-03-2025 15:02:54] ::1:57710 - "POST /api/v2/tenants/default_tenant/databases/default_database/collections/e346d629-4105-4485-b99e-40c82f1de9f7/get HTTP/1.1" 200
[32mINFO[0m:     [23-03-2025 15:02:54] ::1:57711 - "POST /api/v2/tenants/default_tenant/databases/default_database/collections/e346d629-4105-4485-b99e-40c82f1de9f7/delete HTTP/1.1" 200
[32mINFO[0m:     [23-03-2025 15:02:54] ::1:57710 - "DELETE /api/v2/tenants/default_tenant/databases/default_database/collections/custom_rag HTTP/1.1" 200
[32mINFO[0m:     [23-03-2025 15:02:54] ::1:57711 - "POST /api/v2/tenants/default_tenant/databases/default_database/collections HTTP/1.1" 200
[36mDEBUG[0m:    [23-03-2025 15:02:54] Starting component PersistentLocalHnswSegment
[32mINFO[0m:     [23-03-2025 15:02:54] ::1:57710 - "POST /api/v2/tenants/default_tenant/databases/default_database/collections/e569fde1-2f01-44e8-a9ae-1de634c113a0/add HTTP/1.1" 201
[32mINFO[0m:     [23-03-2025 15:02:54] ::1:57711 - "POST /api/v2/tenants/default_tenant/databases/default_database/collections/e569fde1-2f01-44e8-a9ae-1de634c113a0/add HTTP/1.1" 201
[32mINFO[0m:     [23-03-2025 15:02:54] ::1:57710 - "POST /api/v2/tenants/default_tenant/databases/default_database/collections/e569fde1-2f01-44e8-a9ae-1de634c113a0/add HTTP/1.1" 201
[32mINFO[0m:     [23-03-2025 15:02:54] ::1:57711 - "POST /api/v2/tenants/default_tenant/databases/default_database/collections/e569fde1-2f01-44e8-a9ae-1de634c113a0/add HTTP/1.1" 201
[33mWARNING[0m:  [23-03-2025 15:02:54] Number of requested results 5 is greater than number of elements in index 4, updating n_results = 4
[32mINFO[0m:     [23-03-2025 15:02:54] ::1:57710 - "POST /api/v2/tenants/default_tenant/databases/default_database/collections/e569fde1-2f01-44e8-a9ae-1de634c113a0/query HTTP/1.1" 200
[32mINFO[0m:     [23-03-2025 15:03:00] ::1:57716 - "GET /api/v2/tenants/default_tenant HTTP/1.1" 200
[32mINFO[0m:     [23-03-2025 15:03:00] ::1:57717 - "GET /api/v2/tenants/default_tenant/databases/default_database HTTP/1.1" 200
[36mDEBUG[0m:    [23-03-2025 15:03:00] Collection custom_rag already exists, returning existing collection.
[32mINFO[0m:     [23-03-2025 15:03:00] ::1:57716 - "POST /api/v2/tenants/default_tenant/databases/default_database/collections HTTP/1.1" 200
[32mINFO[0m:     [23-03-2025 15:03:00] ::1:57716 - "POST /api/v2/tenants/default_tenant/databases/default_database/collections/e569fde1-2f01-44e8-a9ae-1de634c113a0/get HTTP/1.1" 200
[32mINFO[0m:     [23-03-2025 15:03:00] ::1:57717 - "POST /api/v2/tenants/default_tenant/databases/default_database/collections/e569fde1-2f01-44e8-a9ae-1de634c113a0/delete HTTP/1.1" 200
[32mINFO[0m:     [23-03-2025 15:03:00] ::1:57716 - "DELETE /api/v2/tenants/default_tenant/databases/default_database/collections/custom_rag HTTP/1.1" 200
[32mINFO[0m:     [23-03-2025 15:03:00] ::1:57717 - "POST /api/v2/tenants/default_tenant/databases/default_database/collections HTTP/1.1" 200
[36mDEBUG[0m:    [23-03-2025 15:03:01] Starting component PersistentLocalHnswSegment
[32mINFO[0m:     [23-03-2025 15:03:01] ::1:57716 - "POST /api/v2/tenants/default_tenant/databases/default_database/collections/059cb94e-7ba5-420b-b42f-601afbb2ca58/add HTTP/1.1" 201
[32mINFO[0m:     [23-03-2025 15:03:01] ::1:57717 - "POST /api/v2/tenants/default_tenant/databases/default_database/collections/059cb94e-7ba5-420b-b42f-601afbb2ca58/add HTTP/1.1" 201
[32mINFO[0m:     [23-03-2025 15:03:01] ::1:57716 - "POST /api/v2/tenants/default_tenant/databases/default_database/collections/059cb94e-7ba5-420b-b42f-601afbb2ca58/add HTTP/1.1" 201
[32mINFO[0m:     [23-03-2025 15:03:01] ::1:57717 - "POST /api/v2/tenants/default_tenant/databases/default_database/collections/059cb94e-7ba5-420b-b42f-601afbb2ca58/add HTTP/1.1" 201
[33mWARNING[0m:  [23-03-2025 15:03:01] Number of requested results 5 is greater than number of elements in index 4, updating n_results = 4
[32mINFO[0m:     [23-03-2025 15:03:01] ::1:57716 - "POST /api/v2/tenants/default_tenant/databases/default_database/collections/059cb94e-7ba5-420b-b42f-601afbb2ca58/query HTTP/1.1" 200
[32mINFO[0m:     [23-03-2025 15:04:54] ::1:57913 - "GET /api/v2/tenants/default_tenant HTTP/1.1" 200
[32mINFO[0m:     [23-03-2025 15:04:54] ::1:57914 - "GET /api/v2/tenants/default_tenant/databases/default_database HTTP/1.1" 200
[32mINFO[0m:     [23-03-2025 15:04:54] ::1:57913 - "GET /api/v2/tenants/default_tenant/databases/default_database/collections HTTP/1.1" 200
[32mINFO[0m:     [23-03-2025 15:04:54] ::1:57914 - "DELETE /api/v2/tenants/default_tenant/databases/default_database/collections/custom_rag HTTP/1.1" 200
[32mINFO[0m:     [23-03-2025 15:04:54] ::1:57913 - "GET /api/v2/tenants/default_tenant/databases/default_database/collections HTTP/1.1" 200
[32mINFO[0m:     [23-03-2025 15:04:54] ::1:57914 - "POST /api/v2/tenants/default_tenant/databases/default_database/collections HTTP/1.1" 200
[32mINFO[0m:     [23-03-2025 15:04:54] ::1:57913 - "GET /api/v2/tenants/default_tenant/databases/default_database/collections HTTP/1.1" 200
[32mINFO[0m:     [23-03-2025 15:04:54] ::1:57914 - "DELETE /api/v2/tenants/default_tenant/databases/default_database/collections/custom_rag HTTP/1.1" 200
[32mINFO[0m:     [23-03-2025 15:04:54] ::1:57913 - "POST /api/v2/tenants/default_tenant/databases/default_database/collections HTTP/1.1" 200
[36mDEBUG[0m:    [23-03-2025 15:04:54] Starting component PersistentLocalHnswSegment
[32mINFO[0m:     [23-03-2025 15:04:54] ::1:57913 - "POST /api/v2/tenants/default_tenant/databases/default_database/collections/ff0bae8a-1a6f-4ad4-a617-21eb9e2d6767/add HTTP/1.1" 201
[32mINFO[0m:     [23-03-2025 15:04:54] ::1:57914 - "POST /api/v2/tenants/default_tenant/databases/default_database/collections/ff0bae8a-1a6f-4ad4-a617-21eb9e2d6767/add HTTP/1.1" 201
[32mINFO[0m:     [23-03-2025 15:04:54] ::1:57913 - "POST /api/v2/tenants/default_tenant/databases/default_database/collections/ff0bae8a-1a6f-4ad4-a617-21eb9e2d6767/add HTTP/1.1" 201
[32mINFO[0m:     [23-03-2025 15:04:54] ::1:57914 - "POST /api/v2/tenants/default_tenant/databases/default_database/collections/ff0bae8a-1a6f-4ad4-a617-21eb9e2d6767/add HTTP/1.1" 201
[33mWARNING[0m:  [23-03-2025 15:04:55] Number of requested results 5 is greater than number of elements in index 4, updating n_results = 4
[32mINFO[0m:     [23-03-2025 15:04:55] ::1:57913 - "POST /api/v2/tenants/default_tenant/databases/default_database/collections/ff0bae8a-1a6f-4ad4-a617-21eb9e2d6767/query HTTP/1.1" 200
[32mINFO[0m:     [23-03-2025 15:05:09] ::1:57930 - "GET /api/v2/tenants/default_tenant HTTP/1.1" 200
[32mINFO[0m:     [23-03-2025 15:05:09] ::1:57931 - "GET /api/v2/tenants/default_tenant/databases/default_database HTTP/1.1" 200
[32mINFO[0m:     [23-03-2025 15:05:09] ::1:57930 - "GET /api/v2/tenants/default_tenant/databases/default_database/collections HTTP/1.1" 200
[32mINFO[0m:     [23-03-2025 15:05:09] ::1:57931 - "DELETE /api/v2/tenants/default_tenant/databases/default_database/collections/custom_rag HTTP/1.1" 200
[32mINFO[0m:     [23-03-2025 15:05:09] ::1:57930 - "GET /api/v2/tenants/default_tenant/databases/default_database/collections HTTP/1.1" 200
[32mINFO[0m:     [23-03-2025 15:05:09] ::1:57931 - "POST /api/v2/tenants/default_tenant/databases/default_database/collections HTTP/1.1" 200
[32mINFO[0m:     [23-03-2025 15:05:09] ::1:57930 - "GET /api/v2/tenants/default_tenant/databases/default_database/collections HTTP/1.1" 200
[32mINFO[0m:     [23-03-2025 15:05:09] ::1:57931 - "DELETE /api/v2/tenants/default_tenant/databases/default_database/collections/custom_rag HTTP/1.1" 200
[32mINFO[0m:     [23-03-2025 15:05:09] ::1:57930 - "POST /api/v2/tenants/default_tenant/databases/default_database/collections HTTP/1.1" 200
[36mDEBUG[0m:    [23-03-2025 15:05:09] Starting component PersistentLocalHnswSegment
[32mINFO[0m:     [23-03-2025 15:05:09] ::1:57930 - "POST /api/v2/tenants/default_tenant/databases/default_database/collections/3c2d9415-bd86-484d-b4d1-cbd0b83347c1/add HTTP/1.1" 201
[32mINFO[0m:     [23-03-2025 15:05:09] ::1:57931 - "POST /api/v2/tenants/default_tenant/databases/default_database/collections/3c2d9415-bd86-484d-b4d1-cbd0b83347c1/add HTTP/1.1" 201
[32mINFO[0m:     [23-03-2025 15:05:09] ::1:57930 - "POST /api/v2/tenants/default_tenant/databases/default_database/collections/3c2d9415-bd86-484d-b4d1-cbd0b83347c1/add HTTP/1.1" 201
[32mINFO[0m:     [23-03-2025 15:05:09] ::1:57931 - "POST /api/v2/tenants/default_tenant/databases/default_database/collections/3c2d9415-bd86-484d-b4d1-cbd0b83347c1/add HTTP/1.1" 201
[33mWARNING[0m:  [23-03-2025 15:05:09] Number of requested results 5 is greater than number of elements in index 4, updating n_results = 4
[32mINFO[0m:     [23-03-2025 15:05:09] ::1:57930 - "POST /api/v2/tenants/default_tenant/databases/default_database/collections/3c2d9415-bd86-484d-b4d1-cbd0b83347c1/query HTTP/1.1" 200
[32mINFO[0m:     [23-03-2025 15:10:20] ::1:58479 - "GET /api/v2/tenants/default_tenant HTTP/1.1" 200
[32mINFO[0m:     [23-03-2025 15:10:20] ::1:58480 - "GET /api/v2/tenants/default_tenant/databases/default_database HTTP/1.1" 200
[32mINFO[0m:     [23-03-2025 15:10:20] ::1:58479 - "DELETE /api/v2/tenants/default_tenant/databases/default_database/collections/custom_rag HTTP/1.1" 200
[32mINFO[0m:     [23-03-2025 15:10:20] ::1:58480 - "POST /api/v2/tenants/default_tenant/databases/default_database/collections HTTP/1.1" 200
[36mDEBUG[0m:    [23-03-2025 15:10:20] Starting component PersistentLocalHnswSegment
[32mINFO[0m:     [23-03-2025 15:10:20] ::1:58479 - "POST /api/v2/tenants/default_tenant/databases/default_database/collections/9b02fd0e-00d1-4adc-9876-abbadfe3881b/add HTTP/1.1" 201
[32mINFO[0m:     [23-03-2025 15:10:21] ::1:58480 - "POST /api/v2/tenants/default_tenant/databases/default_database/collections/9b02fd0e-00d1-4adc-9876-abbadfe3881b/add HTTP/1.1" 201
[32mINFO[0m:     [23-03-2025 15:10:21] ::1:58479 - "POST /api/v2/tenants/default_tenant/databases/default_database/collections/9b02fd0e-00d1-4adc-9876-abbadfe3881b/add HTTP/1.1" 201
[32mINFO[0m:     [23-03-2025 15:10:21] ::1:58480 - "POST /api/v2/tenants/default_tenant/databases/default_database/collections/9b02fd0e-00d1-4adc-9876-abbadfe3881b/add HTTP/1.1" 201
[33mWARNING[0m:  [23-03-2025 15:10:21] Number of requested results 5 is greater than number of elements in index 4, updating n_results = 4
[32mINFO[0m:     [23-03-2025 15:10:21] ::1:58479 - "POST /api/v2/tenants/default_tenant/databases/default_database/collections/9b02fd0e-00d1-4adc-9876-abbadfe3881b/query HTTP/1.1" 200
[33mWARNING[0m:  [23-03-2025 15:37:50] chroma_server_nofile is not supported on Windows. chroma_server_nofile will not be set.
[32mINFO[0m:     [23-03-2025 15:37:50] Anonymized telemetry enabled. See                     https://docs.trychroma.com/telemetry for more information.
[36mDEBUG[0m:    [23-03-2025 15:37:50] Starting component System
[36mDEBUG[0m:    [23-03-2025 15:37:50] Starting component OpenTelemetryClient
[36mDEBUG[0m:    [23-03-2025 15:37:50] Starting component SqliteDB
[36mDEBUG[0m:    [23-03-2025 15:37:51] Starting component SimpleQuotaEnforcer
[36mDEBUG[0m:    [23-03-2025 15:37:51] Starting component Posthog
[36mDEBUG[0m:    [23-03-2025 15:37:51] Starting component SimpleRateLimitEnforcer
[36mDEBUG[0m:    [23-03-2025 15:37:51] Starting component LocalSegmentManager
[36mDEBUG[0m:    [23-03-2025 15:37:51] Starting component LocalExecutor
[36mDEBUG[0m:    [23-03-2025 15:37:51] Starting component SegmentAPI
[36mDEBUG[0m:    [23-03-2025 15:37:51] Starting component SimpleAsyncRateLimitEnforcer
[32mINFO[0m:     [23-03-2025 15:37:51] Started server process [[36m25644[0m]
[32mINFO[0m:     [23-03-2025 15:37:51] Waiting for application startup.
[32mINFO[0m:     [23-03-2025 15:37:51] Application startup complete.
[32mINFO[0m:     [23-03-2025 15:37:51] Uvicorn running on [1mhttp://localhost:8000[0m (Press CTRL+C to quit)
[32mINFO[0m:     [23-03-2025 15:38:03] ::1:60585 - "GET /api/v2/tenants/default_tenant HTTP/1.1" 200
[32mINFO[0m:     [23-03-2025 15:38:03] ::1:60586 - "GET /api/v2/tenants/default_tenant/databases/default_database HTTP/1.1" 200
[32mINFO[0m:     [23-03-2025 15:38:03] ::1:60585 - "DELETE /api/v2/tenants/default_tenant/databases/default_database/collections/custom_rag HTTP/1.1" 400
[31mERROR[0m:    [23-03-2025 15:38:03] Exception in ASGI application
Traceback (most recent call last):
  File "C:\Users\doguk\AppData\Local\Programs\Python\Python313\Lib\site-packages\starlette\middleware\base.py", line 147, in call_next
    message = await recv_stream.receive()
              ^^^^^^^^^^^^^^^^^^^^^^^^^^^
  File "C:\Users\doguk\AppData\Local\Programs\Python\Python313\Lib\site-packages\anyio\streams\memory.py", line 126, in receive
    raise EndOfStream from None
anyio.EndOfStream

During handling of the above exception, another exception occurred:

Traceback (most recent call last):
  File "C:\Users\doguk\AppData\Local\Programs\Python\Python313\Lib\site-packages\uvicorn\protocols\http\httptools_impl.py", line 409, in run_asgi
    result = await app(  # type: ignore[func-returns-value]
             ^^^^^^^^^^^^^^^^^^^^^^^^^^^^^^^^^^^^^^^^^^^^^^
        self.scope, self.receive, self.send
        ^^^^^^^^^^^^^^^^^^^^^^^^^^^^^^^^^^^
    )
    ^
  File "C:\Users\doguk\AppData\Local\Programs\Python\Python313\Lib\site-packages\uvicorn\middleware\proxy_headers.py", line 60, in __call__
    return await self.app(scope, receive, send)
           ^^^^^^^^^^^^^^^^^^^^^^^^^^^^^^^^^^^^
  File "C:\Users\doguk\AppData\Local\Programs\Python\Python313\Lib\site-packages\fastapi\applications.py", line 1054, in __call__
    await super().__call__(scope, receive, send)
  File "C:\Users\doguk\AppData\Local\Programs\Python\Python313\Lib\site-packages\starlette\applications.py", line 112, in __call__
    await self.middleware_stack(scope, receive, send)
  File "C:\Users\doguk\AppData\Local\Programs\Python\Python313\Lib\site-packages\starlette\middleware\errors.py", line 187, in __call__
    raise exc
  File "C:\Users\doguk\AppData\Local\Programs\Python\Python313\Lib\site-packages\starlette\middleware\errors.py", line 165, in __call__
    await self.app(scope, receive, _send)
  File "C:\Users\doguk\AppData\Local\Programs\Python\Python313\Lib\site-packages\opentelemetry\instrumentation\asgi\__init__.py", line 743, in __call__
    await self.app(scope, otel_receive, otel_send)
  File "C:\Users\doguk\AppData\Local\Programs\Python\Python313\Lib\site-packages\starlette\middleware\cors.py", line 85, in __call__
    await self.app(scope, receive, send)
  File "C:\Users\doguk\AppData\Local\Programs\Python\Python313\Lib\site-packages\starlette\middleware\base.py", line 181, in __call__
    raise app_exc
  File "C:\Users\doguk\AppData\Local\Programs\Python\Python313\Lib\site-packages\starlette\middleware\base.py", line 140, in coro
    await self.app(scope, receive_or_disconnect, send_no_error)
  File "C:\Users\doguk\AppData\Local\Programs\Python\Python313\Lib\site-packages\starlette\middleware\base.py", line 181, in __call__
    raise app_exc
  File "C:\Users\doguk\AppData\Local\Programs\Python\Python313\Lib\site-packages\chromadb\server\fastapi\__init__.py", line 120, in catch_exceptions_middleware
    return await call_next(request)
           ^^^^^^^^^^^^^^^^^^^^^^^^
  File "C:\Users\doguk\AppData\Local\Programs\Python\Python313\Lib\site-packages\starlette\middleware\base.py", line 153, in call_next
    raise app_exc
  File "C:\Users\doguk\AppData\Local\Programs\Python\Python313\Lib\site-packages\starlette\middleware\base.py", line 140, in coro
    await self.app(scope, receive_or_disconnect, send_no_error)
  File "C:\Users\doguk\AppData\Local\Programs\Python\Python313\Lib\site-packages\starlette\middleware\base.py", line 173, in __call__
    with recv_stream, send_stream, collapse_excgroups():
                                   ~~~~~~~~~~~~~~~~~~^^
  File "C:\Users\doguk\AppData\Local\Programs\Python\Python313\Lib\contextlib.py", line 162, in __exit__
    self.gen.throw(value)
    ~~~~~~~~~~~~~~^^^^^^^
  File "C:\Users\doguk\AppData\Local\Programs\Python\Python313\Lib\site-packages\starlette\_utils.py", line 82, in collapse_excgroups
    raise exc
  File "C:\Users\doguk\AppData\Local\Programs\Python\Python313\Lib\site-packages\starlette\middleware\base.py", line 175, in __call__
    response = await self.dispatch_func(request, call_next)
               ^^^^^^^^^^^^^^^^^^^^^^^^^^^^^^^^^^^^^^^^^^^^
  File "C:\Users\doguk\AppData\Local\Programs\Python\Python313\Lib\site-packages\chromadb\server\fastapi\__init__.py", line 144, in check_http_version_middleware
    return await call_next(request)
           ^^^^^^^^^^^^^^^^^^^^^^^^
  File "C:\Users\doguk\AppData\Local\Programs\Python\Python313\Lib\site-packages\starlette\middleware\base.py", line 153, in call_next
    raise app_exc
  File "C:\Users\doguk\AppData\Local\Programs\Python\Python313\Lib\site-packages\starlette\middleware\base.py", line 140, in coro
    await self.app(scope, receive_or_disconnect, send_no_error)
  File "C:\Users\doguk\AppData\Local\Programs\Python\Python313\Lib\site-packages\starlette\middleware\exceptions.py", line 62, in __call__
    await wrap_app_handling_exceptions(self.app, conn)(scope, receive, send)
  File "C:\Users\doguk\AppData\Local\Programs\Python\Python313\Lib\site-packages\starlette\_exception_handler.py", line 53, in wrapped_app
    raise exc
  File "C:\Users\doguk\AppData\Local\Programs\Python\Python313\Lib\site-packages\starlette\_exception_handler.py", line 42, in wrapped_app
    await app(scope, receive, sender)
  File "C:\Users\doguk\AppData\Local\Programs\Python\Python313\Lib\site-packages\starlette\routing.py", line 714, in __call__
    await self.middleware_stack(scope, receive, send)
  File "C:\Users\doguk\AppData\Local\Programs\Python\Python313\Lib\site-packages\starlette\routing.py", line 734, in app
    await route.handle(scope, receive, send)
  File "C:\Users\doguk\AppData\Local\Programs\Python\Python313\Lib\site-packages\starlette\routing.py", line 288, in handle
    await self.app(scope, receive, send)
  File "C:\Users\doguk\AppData\Local\Programs\Python\Python313\Lib\site-packages\starlette\routing.py", line 76, in app
    await wrap_app_handling_exceptions(app, request)(scope, receive, send)
  File "C:\Users\doguk\AppData\Local\Programs\Python\Python313\Lib\site-packages\starlette\_exception_handler.py", line 53, in wrapped_app
    raise exc
  File "C:\Users\doguk\AppData\Local\Programs\Python\Python313\Lib\site-packages\starlette\_exception_handler.py", line 42, in wrapped_app
    await app(scope, receive, sender)
  File "C:\Users\doguk\AppData\Local\Programs\Python\Python313\Lib\site-packages\starlette\routing.py", line 73, in app
    response = await f(request)
               ^^^^^^^^^^^^^^^^
  File "C:\Users\doguk\AppData\Local\Programs\Python\Python313\Lib\site-packages\fastapi\routing.py", line 301, in app
    raw_response = await run_endpoint_function(
                   ^^^^^^^^^^^^^^^^^^^^^^^^^^^^
    ...<3 lines>...
    )
    ^
  File "C:\Users\doguk\AppData\Local\Programs\Python\Python313\Lib\site-packages\fastapi\routing.py", line 212, in run_endpoint_function
    return await dependant.call(**values)
           ^^^^^^^^^^^^^^^^^^^^^^^^^^^^^^
  File "C:\Users\doguk\AppData\Local\Programs\Python\Python313\Lib\site-packages\chromadb\telemetry\opentelemetry\__init__.py", line 134, in async_wrapper
    return await f(*args, **kwargs)
           ^^^^^^^^^^^^^^^^^^^^^^^^
  File "C:\Users\doguk\AppData\Local\Programs\Python\Python313\Lib\site-packages\chromadb\server\fastapi\__init__.py", line 893, in delete_collection
    await to_thread.run_sync(
    ...<5 lines>...
    )
  File "C:\Users\doguk\AppData\Local\Programs\Python\Python313\Lib\site-packages\anyio\to_thread.py", line 56, in run_sync
    return await get_async_backend().run_sync_in_worker_thread(
           ^^^^^^^^^^^^^^^^^^^^^^^^^^^^^^^^^^^^^^^^^^^^^^^^^^^^
        func, args, abandon_on_cancel=abandon_on_cancel, limiter=limiter
        ^^^^^^^^^^^^^^^^^^^^^^^^^^^^^^^^^^^^^^^^^^^^^^^^^^^^^^^^^^^^^^^^
    )
    ^
  File "C:\Users\doguk\AppData\Local\Programs\Python\Python313\Lib\site-packages\anyio\_backends\_asyncio.py", line 2470, in run_sync_in_worker_thread
    return await future
           ^^^^^^^^^^^^
  File "C:\Users\doguk\AppData\Local\Programs\Python\Python313\Lib\site-packages\anyio\_backends\_asyncio.py", line 967, in run
    result = context.run(func, *args)
  File "C:\Users\doguk\AppData\Local\Programs\Python\Python313\Lib\site-packages\chromadb\telemetry\opentelemetry\__init__.py", line 150, in wrapper
    return f(*args, **kwargs)
  File "C:\Users\doguk\AppData\Local\Programs\Python\Python313\Lib\site-packages\chromadb\api\segment.py", line 103, in wrapper
    return self._rate_limit_enforcer.rate_limit(func)(*args, **kwargs)
           ~~~~~~~~~~~~~~~~~~~~~~~~~~~~~~~~~~~~~~~~~~^^^^^^^^^^^^^^^^^
  File "C:\Users\doguk\AppData\Local\Programs\Python\Python313\Lib\site-packages\chromadb\rate_limit\simple_rate_limit\__init__.py", line 24, in wrapper
    return func(*args, **kwargs)
  File "C:\Users\doguk\AppData\Local\Programs\Python\Python313\Lib\site-packages\chromadb\api\segment.py", line 408, in delete_collection
    raise ValueError(f"Collection {name} does not exist.")
ValueError: Collection custom_rag does not exist.
[32mINFO[0m:     [23-03-2025 15:39:18] Shutting down
[32mINFO[0m:     [23-03-2025 15:39:18] Waiting for application shutdown.
[36mDEBUG[0m:    [23-03-2025 15:39:18] Stopping component System
[36mDEBUG[0m:    [23-03-2025 15:39:18] Stopping component SegmentAPI
[36mDEBUG[0m:    [23-03-2025 15:39:18] Stopping component LocalExecutor
[36mDEBUG[0m:    [23-03-2025 15:39:18] Stopping component LocalSegmentManager
[36mDEBUG[0m:    [23-03-2025 15:39:18] Stopping component SimpleAsyncRateLimitEnforcer
[36mDEBUG[0m:    [23-03-2025 15:39:18] Stopping component SimpleRateLimitEnforcer
[36mDEBUG[0m:    [23-03-2025 15:39:18] Stopping component Posthog
[36mDEBUG[0m:    [23-03-2025 15:39:18] Stopping component SimpleQuotaEnforcer
[36mDEBUG[0m:    [23-03-2025 15:39:18] Stopping component SqliteDB
[36mDEBUG[0m:    [23-03-2025 15:39:18] Stopping component OpenTelemetryClient
[32mINFO[0m:     [23-03-2025 15:39:18] Application shutdown complete.
[32mINFO[0m:     [23-03-2025 15:39:18] Finished server process [[36m25644[0m]
[33mWARNING[0m:  [23-03-2025 15:39:39] chroma_server_nofile is not supported on Windows. chroma_server_nofile will not be set.
[32mINFO[0m:     [23-03-2025 15:39:39] Anonymized telemetry enabled. See                     https://docs.trychroma.com/telemetry for more information.
[36mDEBUG[0m:    [23-03-2025 15:39:39] Starting component System
[36mDEBUG[0m:    [23-03-2025 15:39:39] Starting component OpenTelemetryClient
[36mDEBUG[0m:    [23-03-2025 15:39:39] Starting component SqliteDB
[36mDEBUG[0m:    [23-03-2025 15:39:39] Starting component SimpleQuotaEnforcer
[36mDEBUG[0m:    [23-03-2025 15:39:39] Starting component Posthog
[36mDEBUG[0m:    [23-03-2025 15:39:39] Starting component SimpleRateLimitEnforcer
[36mDEBUG[0m:    [23-03-2025 15:39:39] Starting component LocalSegmentManager
[36mDEBUG[0m:    [23-03-2025 15:39:39] Starting component LocalExecutor
[36mDEBUG[0m:    [23-03-2025 15:39:39] Starting component SegmentAPI
[36mDEBUG[0m:    [23-03-2025 15:39:39] Starting component SimpleAsyncRateLimitEnforcer
[32mINFO[0m:     [23-03-2025 15:39:40] Started server process [[36m19676[0m]
[32mINFO[0m:     [23-03-2025 15:39:40] Waiting for application startup.
[32mINFO[0m:     [23-03-2025 15:39:40] Application startup complete.
[32mINFO[0m:     [23-03-2025 15:39:40] Uvicorn running on [1mhttp://localhost:8000[0m (Press CTRL+C to quit)
[32mINFO[0m:     [23-03-2025 15:39:53] ::1:60663 - "GET /api/v2/tenants/default_tenant HTTP/1.1" 200
[32mINFO[0m:     [23-03-2025 15:39:53] ::1:60664 - "GET /api/v2/tenants/default_tenant/databases/default_database HTTP/1.1" 200
[32mINFO[0m:     [23-03-2025 15:39:53] ::1:60663 - "DELETE /api/v2/tenants/default_tenant/databases/default_database/collections/custom_rag HTTP/1.1" 400
[31mERROR[0m:    [23-03-2025 15:39:53] Exception in ASGI application
Traceback (most recent call last):
  File "C:\Users\doguk\AppData\Local\Programs\Python\Python313\Lib\site-packages\starlette\middleware\base.py", line 147, in call_next
    message = await recv_stream.receive()
              ^^^^^^^^^^^^^^^^^^^^^^^^^^^
  File "C:\Users\doguk\AppData\Local\Programs\Python\Python313\Lib\site-packages\anyio\streams\memory.py", line 126, in receive
    raise EndOfStream from None
anyio.EndOfStream

During handling of the above exception, another exception occurred:

Traceback (most recent call last):
  File "C:\Users\doguk\AppData\Local\Programs\Python\Python313\Lib\site-packages\uvicorn\protocols\http\httptools_impl.py", line 409, in run_asgi
    result = await app(  # type: ignore[func-returns-value]
             ^^^^^^^^^^^^^^^^^^^^^^^^^^^^^^^^^^^^^^^^^^^^^^
        self.scope, self.receive, self.send
        ^^^^^^^^^^^^^^^^^^^^^^^^^^^^^^^^^^^
    )
    ^
  File "C:\Users\doguk\AppData\Local\Programs\Python\Python313\Lib\site-packages\uvicorn\middleware\proxy_headers.py", line 60, in __call__
    return await self.app(scope, receive, send)
           ^^^^^^^^^^^^^^^^^^^^^^^^^^^^^^^^^^^^
  File "C:\Users\doguk\AppData\Local\Programs\Python\Python313\Lib\site-packages\fastapi\applications.py", line 1054, in __call__
    await super().__call__(scope, receive, send)
  File "C:\Users\doguk\AppData\Local\Programs\Python\Python313\Lib\site-packages\starlette\applications.py", line 112, in __call__
    await self.middleware_stack(scope, receive, send)
  File "C:\Users\doguk\AppData\Local\Programs\Python\Python313\Lib\site-packages\starlette\middleware\errors.py", line 187, in __call__
    raise exc
  File "C:\Users\doguk\AppData\Local\Programs\Python\Python313\Lib\site-packages\starlette\middleware\errors.py", line 165, in __call__
    await self.app(scope, receive, _send)
  File "C:\Users\doguk\AppData\Local\Programs\Python\Python313\Lib\site-packages\opentelemetry\instrumentation\asgi\__init__.py", line 743, in __call__
    await self.app(scope, otel_receive, otel_send)
  File "C:\Users\doguk\AppData\Local\Programs\Python\Python313\Lib\site-packages\starlette\middleware\cors.py", line 85, in __call__
    await self.app(scope, receive, send)
  File "C:\Users\doguk\AppData\Local\Programs\Python\Python313\Lib\site-packages\starlette\middleware\base.py", line 181, in __call__
    raise app_exc
  File "C:\Users\doguk\AppData\Local\Programs\Python\Python313\Lib\site-packages\starlette\middleware\base.py", line 140, in coro
    await self.app(scope, receive_or_disconnect, send_no_error)
  File "C:\Users\doguk\AppData\Local\Programs\Python\Python313\Lib\site-packages\starlette\middleware\base.py", line 181, in __call__
    raise app_exc
  File "C:\Users\doguk\AppData\Local\Programs\Python\Python313\Lib\site-packages\chromadb\server\fastapi\__init__.py", line 120, in catch_exceptions_middleware
    return await call_next(request)
           ^^^^^^^^^^^^^^^^^^^^^^^^
  File "C:\Users\doguk\AppData\Local\Programs\Python\Python313\Lib\site-packages\starlette\middleware\base.py", line 153, in call_next
    raise app_exc
  File "C:\Users\doguk\AppData\Local\Programs\Python\Python313\Lib\site-packages\starlette\middleware\base.py", line 140, in coro
    await self.app(scope, receive_or_disconnect, send_no_error)
  File "C:\Users\doguk\AppData\Local\Programs\Python\Python313\Lib\site-packages\starlette\middleware\base.py", line 173, in __call__
    with recv_stream, send_stream, collapse_excgroups():
                                   ~~~~~~~~~~~~~~~~~~^^
  File "C:\Users\doguk\AppData\Local\Programs\Python\Python313\Lib\contextlib.py", line 162, in __exit__
    self.gen.throw(value)
    ~~~~~~~~~~~~~~^^^^^^^
  File "C:\Users\doguk\AppData\Local\Programs\Python\Python313\Lib\site-packages\starlette\_utils.py", line 82, in collapse_excgroups
    raise exc
  File "C:\Users\doguk\AppData\Local\Programs\Python\Python313\Lib\site-packages\starlette\middleware\base.py", line 175, in __call__
    response = await self.dispatch_func(request, call_next)
               ^^^^^^^^^^^^^^^^^^^^^^^^^^^^^^^^^^^^^^^^^^^^
  File "C:\Users\doguk\AppData\Local\Programs\Python\Python313\Lib\site-packages\chromadb\server\fastapi\__init__.py", line 144, in check_http_version_middleware
    return await call_next(request)
           ^^^^^^^^^^^^^^^^^^^^^^^^
  File "C:\Users\doguk\AppData\Local\Programs\Python\Python313\Lib\site-packages\starlette\middleware\base.py", line 153, in call_next
    raise app_exc
  File "C:\Users\doguk\AppData\Local\Programs\Python\Python313\Lib\site-packages\starlette\middleware\base.py", line 140, in coro
    await self.app(scope, receive_or_disconnect, send_no_error)
  File "C:\Users\doguk\AppData\Local\Programs\Python\Python313\Lib\site-packages\starlette\middleware\exceptions.py", line 62, in __call__
    await wrap_app_handling_exceptions(self.app, conn)(scope, receive, send)
  File "C:\Users\doguk\AppData\Local\Programs\Python\Python313\Lib\site-packages\starlette\_exception_handler.py", line 53, in wrapped_app
    raise exc
  File "C:\Users\doguk\AppData\Local\Programs\Python\Python313\Lib\site-packages\starlette\_exception_handler.py", line 42, in wrapped_app
    await app(scope, receive, sender)
  File "C:\Users\doguk\AppData\Local\Programs\Python\Python313\Lib\site-packages\starlette\routing.py", line 714, in __call__
    await self.middleware_stack(scope, receive, send)
  File "C:\Users\doguk\AppData\Local\Programs\Python\Python313\Lib\site-packages\starlette\routing.py", line 734, in app
    await route.handle(scope, receive, send)
  File "C:\Users\doguk\AppData\Local\Programs\Python\Python313\Lib\site-packages\starlette\routing.py", line 288, in handle
    await self.app(scope, receive, send)
  File "C:\Users\doguk\AppData\Local\Programs\Python\Python313\Lib\site-packages\starlette\routing.py", line 76, in app
    await wrap_app_handling_exceptions(app, request)(scope, receive, send)
  File "C:\Users\doguk\AppData\Local\Programs\Python\Python313\Lib\site-packages\starlette\_exception_handler.py", line 53, in wrapped_app
    raise exc
  File "C:\Users\doguk\AppData\Local\Programs\Python\Python313\Lib\site-packages\starlette\_exception_handler.py", line 42, in wrapped_app
    await app(scope, receive, sender)
  File "C:\Users\doguk\AppData\Local\Programs\Python\Python313\Lib\site-packages\starlette\routing.py", line 73, in app
    response = await f(request)
               ^^^^^^^^^^^^^^^^
  File "C:\Users\doguk\AppData\Local\Programs\Python\Python313\Lib\site-packages\fastapi\routing.py", line 301, in app
    raw_response = await run_endpoint_function(
                   ^^^^^^^^^^^^^^^^^^^^^^^^^^^^
    ...<3 lines>...
    )
    ^
  File "C:\Users\doguk\AppData\Local\Programs\Python\Python313\Lib\site-packages\fastapi\routing.py", line 212, in run_endpoint_function
    return await dependant.call(**values)
           ^^^^^^^^^^^^^^^^^^^^^^^^^^^^^^
  File "C:\Users\doguk\AppData\Local\Programs\Python\Python313\Lib\site-packages\chromadb\telemetry\opentelemetry\__init__.py", line 134, in async_wrapper
    return await f(*args, **kwargs)
           ^^^^^^^^^^^^^^^^^^^^^^^^
  File "C:\Users\doguk\AppData\Local\Programs\Python\Python313\Lib\site-packages\chromadb\server\fastapi\__init__.py", line 893, in delete_collection
    await to_thread.run_sync(
    ...<5 lines>...
    )
  File "C:\Users\doguk\AppData\Local\Programs\Python\Python313\Lib\site-packages\anyio\to_thread.py", line 56, in run_sync
    return await get_async_backend().run_sync_in_worker_thread(
           ^^^^^^^^^^^^^^^^^^^^^^^^^^^^^^^^^^^^^^^^^^^^^^^^^^^^
        func, args, abandon_on_cancel=abandon_on_cancel, limiter=limiter
        ^^^^^^^^^^^^^^^^^^^^^^^^^^^^^^^^^^^^^^^^^^^^^^^^^^^^^^^^^^^^^^^^
    )
    ^
  File "C:\Users\doguk\AppData\Local\Programs\Python\Python313\Lib\site-packages\anyio\_backends\_asyncio.py", line 2470, in run_sync_in_worker_thread
    return await future
           ^^^^^^^^^^^^
  File "C:\Users\doguk\AppData\Local\Programs\Python\Python313\Lib\site-packages\anyio\_backends\_asyncio.py", line 967, in run
    result = context.run(func, *args)
  File "C:\Users\doguk\AppData\Local\Programs\Python\Python313\Lib\site-packages\chromadb\telemetry\opentelemetry\__init__.py", line 150, in wrapper
    return f(*args, **kwargs)
  File "C:\Users\doguk\AppData\Local\Programs\Python\Python313\Lib\site-packages\chromadb\api\segment.py", line 103, in wrapper
    return self._rate_limit_enforcer.rate_limit(func)(*args, **kwargs)
           ~~~~~~~~~~~~~~~~~~~~~~~~~~~~~~~~~~~~~~~~~~^^^^^^^^^^^^^^^^^
  File "C:\Users\doguk\AppData\Local\Programs\Python\Python313\Lib\site-packages\chromadb\rate_limit\simple_rate_limit\__init__.py", line 24, in wrapper
    return func(*args, **kwargs)
  File "C:\Users\doguk\AppData\Local\Programs\Python\Python313\Lib\site-packages\chromadb\api\segment.py", line 408, in delete_collection
    raise ValueError(f"Collection {name} does not exist.")
ValueError: Collection custom_rag does not exist.
[32mINFO[0m:     [23-03-2025 15:40:40] ::1:60693 - "GET /api/v2/tenants/default_tenant HTTP/1.1" 200
[32mINFO[0m:     [23-03-2025 15:40:40] ::1:60694 - "GET /api/v2/tenants/default_tenant/databases/default_database HTTP/1.1" 200
[32mINFO[0m:     [23-03-2025 15:40:40] ::1:60693 - "DELETE /api/v2/tenants/default_tenant/databases/default_database/collections/ai_base HTTP/1.1" 400
[31mERROR[0m:    [23-03-2025 15:40:40] Exception in ASGI application
Traceback (most recent call last):
  File "C:\Users\doguk\AppData\Local\Programs\Python\Python313\Lib\site-packages\starlette\middleware\base.py", line 147, in call_next
    message = await recv_stream.receive()
              ^^^^^^^^^^^^^^^^^^^^^^^^^^^
  File "C:\Users\doguk\AppData\Local\Programs\Python\Python313\Lib\site-packages\anyio\streams\memory.py", line 126, in receive
    raise EndOfStream from None
anyio.EndOfStream

During handling of the above exception, another exception occurred:

Traceback (most recent call last):
  File "C:\Users\doguk\AppData\Local\Programs\Python\Python313\Lib\site-packages\uvicorn\protocols\http\httptools_impl.py", line 409, in run_asgi
    result = await app(  # type: ignore[func-returns-value]
             ^^^^^^^^^^^^^^^^^^^^^^^^^^^^^^^^^^^^^^^^^^^^^^
        self.scope, self.receive, self.send
        ^^^^^^^^^^^^^^^^^^^^^^^^^^^^^^^^^^^
    )
    ^
  File "C:\Users\doguk\AppData\Local\Programs\Python\Python313\Lib\site-packages\uvicorn\middleware\proxy_headers.py", line 60, in __call__
    return await self.app(scope, receive, send)
           ^^^^^^^^^^^^^^^^^^^^^^^^^^^^^^^^^^^^
  File "C:\Users\doguk\AppData\Local\Programs\Python\Python313\Lib\site-packages\fastapi\applications.py", line 1054, in __call__
    await super().__call__(scope, receive, send)
  File "C:\Users\doguk\AppData\Local\Programs\Python\Python313\Lib\site-packages\starlette\applications.py", line 112, in __call__
    await self.middleware_stack(scope, receive, send)
  File "C:\Users\doguk\AppData\Local\Programs\Python\Python313\Lib\site-packages\starlette\middleware\errors.py", line 187, in __call__
    raise exc
  File "C:\Users\doguk\AppData\Local\Programs\Python\Python313\Lib\site-packages\starlette\middleware\errors.py", line 165, in __call__
    await self.app(scope, receive, _send)
  File "C:\Users\doguk\AppData\Local\Programs\Python\Python313\Lib\site-packages\opentelemetry\instrumentation\asgi\__init__.py", line 743, in __call__
    await self.app(scope, otel_receive, otel_send)
  File "C:\Users\doguk\AppData\Local\Programs\Python\Python313\Lib\site-packages\starlette\middleware\cors.py", line 85, in __call__
    await self.app(scope, receive, send)
  File "C:\Users\doguk\AppData\Local\Programs\Python\Python313\Lib\site-packages\starlette\middleware\base.py", line 181, in __call__
    raise app_exc
  File "C:\Users\doguk\AppData\Local\Programs\Python\Python313\Lib\site-packages\starlette\middleware\base.py", line 140, in coro
    await self.app(scope, receive_or_disconnect, send_no_error)
  File "C:\Users\doguk\AppData\Local\Programs\Python\Python313\Lib\site-packages\starlette\middleware\base.py", line 181, in __call__
    raise app_exc
  File "C:\Users\doguk\AppData\Local\Programs\Python\Python313\Lib\site-packages\chromadb\server\fastapi\__init__.py", line 120, in catch_exceptions_middleware
    return await call_next(request)
           ^^^^^^^^^^^^^^^^^^^^^^^^
  File "C:\Users\doguk\AppData\Local\Programs\Python\Python313\Lib\site-packages\starlette\middleware\base.py", line 153, in call_next
    raise app_exc
  File "C:\Users\doguk\AppData\Local\Programs\Python\Python313\Lib\site-packages\starlette\middleware\base.py", line 140, in coro
    await self.app(scope, receive_or_disconnect, send_no_error)
  File "C:\Users\doguk\AppData\Local\Programs\Python\Python313\Lib\site-packages\starlette\middleware\base.py", line 173, in __call__
    with recv_stream, send_stream, collapse_excgroups():
                                   ~~~~~~~~~~~~~~~~~~^^
  File "C:\Users\doguk\AppData\Local\Programs\Python\Python313\Lib\contextlib.py", line 162, in __exit__
    self.gen.throw(value)
    ~~~~~~~~~~~~~~^^^^^^^
  File "C:\Users\doguk\AppData\Local\Programs\Python\Python313\Lib\site-packages\starlette\_utils.py", line 82, in collapse_excgroups
    raise exc
  File "C:\Users\doguk\AppData\Local\Programs\Python\Python313\Lib\site-packages\starlette\middleware\base.py", line 175, in __call__
    response = await self.dispatch_func(request, call_next)
               ^^^^^^^^^^^^^^^^^^^^^^^^^^^^^^^^^^^^^^^^^^^^
  File "C:\Users\doguk\AppData\Local\Programs\Python\Python313\Lib\site-packages\chromadb\server\fastapi\__init__.py", line 144, in check_http_version_middleware
    return await call_next(request)
           ^^^^^^^^^^^^^^^^^^^^^^^^
  File "C:\Users\doguk\AppData\Local\Programs\Python\Python313\Lib\site-packages\starlette\middleware\base.py", line 153, in call_next
    raise app_exc
  File "C:\Users\doguk\AppData\Local\Programs\Python\Python313\Lib\site-packages\starlette\middleware\base.py", line 140, in coro
    await self.app(scope, receive_or_disconnect, send_no_error)
  File "C:\Users\doguk\AppData\Local\Programs\Python\Python313\Lib\site-packages\starlette\middleware\exceptions.py", line 62, in __call__
    await wrap_app_handling_exceptions(self.app, conn)(scope, receive, send)
  File "C:\Users\doguk\AppData\Local\Programs\Python\Python313\Lib\site-packages\starlette\_exception_handler.py", line 53, in wrapped_app
    raise exc
  File "C:\Users\doguk\AppData\Local\Programs\Python\Python313\Lib\site-packages\starlette\_exception_handler.py", line 42, in wrapped_app
    await app(scope, receive, sender)
  File "C:\Users\doguk\AppData\Local\Programs\Python\Python313\Lib\site-packages\starlette\routing.py", line 714, in __call__
    await self.middleware_stack(scope, receive, send)
  File "C:\Users\doguk\AppData\Local\Programs\Python\Python313\Lib\site-packages\starlette\routing.py", line 734, in app
    await route.handle(scope, receive, send)
  File "C:\Users\doguk\AppData\Local\Programs\Python\Python313\Lib\site-packages\starlette\routing.py", line 288, in handle
    await self.app(scope, receive, send)
  File "C:\Users\doguk\AppData\Local\Programs\Python\Python313\Lib\site-packages\starlette\routing.py", line 76, in app
    await wrap_app_handling_exceptions(app, request)(scope, receive, send)
  File "C:\Users\doguk\AppData\Local\Programs\Python\Python313\Lib\site-packages\starlette\_exception_handler.py", line 53, in wrapped_app
    raise exc
  File "C:\Users\doguk\AppData\Local\Programs\Python\Python313\Lib\site-packages\starlette\_exception_handler.py", line 42, in wrapped_app
    await app(scope, receive, sender)
  File "C:\Users\doguk\AppData\Local\Programs\Python\Python313\Lib\site-packages\starlette\routing.py", line 73, in app
    response = await f(request)
               ^^^^^^^^^^^^^^^^
  File "C:\Users\doguk\AppData\Local\Programs\Python\Python313\Lib\site-packages\fastapi\routing.py", line 301, in app
    raw_response = await run_endpoint_function(
                   ^^^^^^^^^^^^^^^^^^^^^^^^^^^^
    ...<3 lines>...
    )
    ^
  File "C:\Users\doguk\AppData\Local\Programs\Python\Python313\Lib\site-packages\fastapi\routing.py", line 212, in run_endpoint_function
    return await dependant.call(**values)
           ^^^^^^^^^^^^^^^^^^^^^^^^^^^^^^
  File "C:\Users\doguk\AppData\Local\Programs\Python\Python313\Lib\site-packages\chromadb\telemetry\opentelemetry\__init__.py", line 134, in async_wrapper
    return await f(*args, **kwargs)
           ^^^^^^^^^^^^^^^^^^^^^^^^
  File "C:\Users\doguk\AppData\Local\Programs\Python\Python313\Lib\site-packages\chromadb\server\fastapi\__init__.py", line 893, in delete_collection
    await to_thread.run_sync(
    ...<5 lines>...
    )
  File "C:\Users\doguk\AppData\Local\Programs\Python\Python313\Lib\site-packages\anyio\to_thread.py", line 56, in run_sync
    return await get_async_backend().run_sync_in_worker_thread(
           ^^^^^^^^^^^^^^^^^^^^^^^^^^^^^^^^^^^^^^^^^^^^^^^^^^^^
        func, args, abandon_on_cancel=abandon_on_cancel, limiter=limiter
        ^^^^^^^^^^^^^^^^^^^^^^^^^^^^^^^^^^^^^^^^^^^^^^^^^^^^^^^^^^^^^^^^
    )
    ^
  File "C:\Users\doguk\AppData\Local\Programs\Python\Python313\Lib\site-packages\anyio\_backends\_asyncio.py", line 2470, in run_sync_in_worker_thread
    return await future
           ^^^^^^^^^^^^
  File "C:\Users\doguk\AppData\Local\Programs\Python\Python313\Lib\site-packages\anyio\_backends\_asyncio.py", line 967, in run
    result = context.run(func, *args)
  File "C:\Users\doguk\AppData\Local\Programs\Python\Python313\Lib\site-packages\chromadb\telemetry\opentelemetry\__init__.py", line 150, in wrapper
    return f(*args, **kwargs)
  File "C:\Users\doguk\AppData\Local\Programs\Python\Python313\Lib\site-packages\chromadb\api\segment.py", line 103, in wrapper
    return self._rate_limit_enforcer.rate_limit(func)(*args, **kwargs)
           ~~~~~~~~~~~~~~~~~~~~~~~~~~~~~~~~~~~~~~~~~~^^^^^^^^^^^^^^^^^
  File "C:\Users\doguk\AppData\Local\Programs\Python\Python313\Lib\site-packages\chromadb\rate_limit\simple_rate_limit\__init__.py", line 24, in wrapper
    return func(*args, **kwargs)
  File "C:\Users\doguk\AppData\Local\Programs\Python\Python313\Lib\site-packages\chromadb\api\segment.py", line 408, in delete_collection
    raise ValueError(f"Collection {name} does not exist.")
ValueError: Collection ai_base does not exist.
[32mINFO[0m:     [23-03-2025 15:43:39] ::1:60803 - "GET /api/v2/tenants/default_tenant HTTP/1.1" 200
[32mINFO[0m:     [23-03-2025 15:43:39] ::1:60804 - "GET /api/v2/tenants/default_tenant/databases/default_database HTTP/1.1" 200
[32mINFO[0m:     [23-03-2025 15:43:39] ::1:60803 - "POST /api/v2/tenants/default_tenant/databases/default_database/collections HTTP/1.1" 200
[36mDEBUG[0m:    [23-03-2025 15:43:39] Starting component PersistentLocalHnswSegment
[32mINFO[0m:     [23-03-2025 15:43:39] ::1:60804 - "POST /api/v2/tenants/default_tenant/databases/default_database/collections/1bc641bb-f221-4a37-9980-ef79fc53fb1a/add HTTP/1.1" 201
[32mINFO[0m:     [23-03-2025 15:43:39] ::1:60803 - "POST /api/v2/tenants/default_tenant/databases/default_database/collections/1bc641bb-f221-4a37-9980-ef79fc53fb1a/add HTTP/1.1" 201
[32mINFO[0m:     [23-03-2025 15:43:40] ::1:60804 - "POST /api/v2/tenants/default_tenant/databases/default_database/collections/1bc641bb-f221-4a37-9980-ef79fc53fb1a/add HTTP/1.1" 201
[32mINFO[0m:     [23-03-2025 15:43:40] ::1:60803 - "POST /api/v2/tenants/default_tenant/databases/default_database/collections/1bc641bb-f221-4a37-9980-ef79fc53fb1a/add HTTP/1.1" 201
[33mWARNING[0m:  [23-03-2025 15:43:40] Number of requested results 5 is greater than number of elements in index 4, updating n_results = 4
[32mINFO[0m:     [23-03-2025 15:43:40] ::1:60804 - "POST /api/v2/tenants/default_tenant/databases/default_database/collections/1bc641bb-f221-4a37-9980-ef79fc53fb1a/query HTTP/1.1" 200
[32mINFO[0m:     [23-03-2025 15:44:26] ::1:60829 - "GET /api/v2/tenants/default_tenant HTTP/1.1" 200
[32mINFO[0m:     [23-03-2025 15:44:26] ::1:60830 - "GET /api/v2/tenants/default_tenant/databases/default_database HTTP/1.1" 200
[36mDEBUG[0m:    [23-03-2025 15:44:26] Collection ai_base already exists, returning existing collection.
[32mINFO[0m:     [23-03-2025 15:44:26] ::1:60829 - "POST /api/v2/tenants/default_tenant/databases/default_database/collections HTTP/1.1" 200
[33mWARNING[0m:  [23-03-2025 15:44:26] Add of existing embedding ID: ..\web-development.md
[33mWARNING[0m:  [23-03-2025 15:44:26] Insert of existing embedding ID: ..\web-development.md
[32mINFO[0m:     [23-03-2025 15:44:26] ::1:60830 - "POST /api/v2/tenants/default_tenant/databases/default_database/collections/1bc641bb-f221-4a37-9980-ef79fc53fb1a/add HTTP/1.1" 201
[33mWARNING[0m:  [23-03-2025 15:44:26] Add of existing embedding ID: ..\typescript.md
[33mWARNING[0m:  [23-03-2025 15:44:26] Insert of existing embedding ID: ..\typescript.md
[32mINFO[0m:     [23-03-2025 15:44:26] ::1:60829 - "POST /api/v2/tenants/default_tenant/databases/default_database/collections/1bc641bb-f221-4a37-9980-ef79fc53fb1a/add HTTP/1.1" 201
[33mWARNING[0m:  [23-03-2025 15:44:26] Add of existing embedding ID: ..\dogs.md
[33mWARNING[0m:  [23-03-2025 15:44:26] Insert of existing embedding ID: ..\dogs.md
[32mINFO[0m:     [23-03-2025 15:44:26] ::1:60830 - "POST /api/v2/tenants/default_tenant/databases/default_database/collections/1bc641bb-f221-4a37-9980-ef79fc53fb1a/add HTTP/1.1" 201
[33mWARNING[0m:  [23-03-2025 15:44:26] Add of existing embedding ID: ..\coding-best-practices.md
[33mWARNING[0m:  [23-03-2025 15:44:26] Insert of existing embedding ID: ..\coding-best-practices.md
[32mINFO[0m:     [23-03-2025 15:44:26] ::1:60829 - "POST /api/v2/tenants/default_tenant/databases/default_database/collections/1bc641bb-f221-4a37-9980-ef79fc53fb1a/add HTTP/1.1" 201
[33mWARNING[0m:  [23-03-2025 15:44:26] Number of requested results 5 is greater than number of elements in index 4, updating n_results = 4
[32mINFO[0m:     [23-03-2025 15:44:26] ::1:60830 - "POST /api/v2/tenants/default_tenant/databases/default_database/collections/1bc641bb-f221-4a37-9980-ef79fc53fb1a/query HTTP/1.1" 200
[32mINFO[0m:     [23-03-2025 15:44:52] ::1:60845 - "GET /api/v2/tenants/default_tenant HTTP/1.1" 200
[32mINFO[0m:     [23-03-2025 15:44:52] ::1:60846 - "GET /api/v2/tenants/default_tenant/databases/default_database HTTP/1.1" 200
[36mDEBUG[0m:    [23-03-2025 15:44:52] Collection ai_base already exists, returning existing collection.
[32mINFO[0m:     [23-03-2025 15:44:52] ::1:60845 - "POST /api/v2/tenants/default_tenant/databases/default_database/collections HTTP/1.1" 200
[33mWARNING[0m:  [23-03-2025 15:44:52] Add of existing embedding ID: ..\web-development.md
[33mWARNING[0m:  [23-03-2025 15:44:52] Insert of existing embedding ID: ..\web-development.md
[32mINFO[0m:     [23-03-2025 15:44:52] ::1:60846 - "POST /api/v2/tenants/default_tenant/databases/default_database/collections/1bc641bb-f221-4a37-9980-ef79fc53fb1a/add HTTP/1.1" 201
[33mWARNING[0m:  [23-03-2025 15:44:52] Add of existing embedding ID: ..\typescript.md
[33mWARNING[0m:  [23-03-2025 15:44:52] Insert of existing embedding ID: ..\typescript.md
[32mINFO[0m:     [23-03-2025 15:44:52] ::1:60845 - "POST /api/v2/tenants/default_tenant/databases/default_database/collections/1bc641bb-f221-4a37-9980-ef79fc53fb1a/add HTTP/1.1" 201
[33mWARNING[0m:  [23-03-2025 15:44:52] Add of existing embedding ID: ..\dogs.md
[33mWARNING[0m:  [23-03-2025 15:44:52] Insert of existing embedding ID: ..\dogs.md
[32mINFO[0m:     [23-03-2025 15:44:52] ::1:60846 - "POST /api/v2/tenants/default_tenant/databases/default_database/collections/1bc641bb-f221-4a37-9980-ef79fc53fb1a/add HTTP/1.1" 201
[33mWARNING[0m:  [23-03-2025 15:44:52] Add of existing embedding ID: ..\coding-best-practices.md
[33mWARNING[0m:  [23-03-2025 15:44:52] Insert of existing embedding ID: ..\coding-best-practices.md
[32mINFO[0m:     [23-03-2025 15:44:52] ::1:60845 - "POST /api/v2/tenants/default_tenant/databases/default_database/collections/1bc641bb-f221-4a37-9980-ef79fc53fb1a/add HTTP/1.1" 201
[33mWARNING[0m:  [23-03-2025 15:44:52] Number of requested results 5 is greater than number of elements in index 4, updating n_results = 4
[32mINFO[0m:     [23-03-2025 15:44:52] ::1:60846 - "POST /api/v2/tenants/default_tenant/databases/default_database/collections/1bc641bb-f221-4a37-9980-ef79fc53fb1a/query HTTP/1.1" 200
[32mINFO[0m:     [23-03-2025 15:45:44] ::1:60874 - "GET /api/v2/tenants/default_tenant HTTP/1.1" 200
[32mINFO[0m:     [23-03-2025 15:45:44] ::1:60875 - "GET /api/v2/tenants/default_tenant/databases/default_database HTTP/1.1" 200
[36mDEBUG[0m:    [23-03-2025 15:45:44] Collection ai_base already exists, returning existing collection.
[32mINFO[0m:     [23-03-2025 15:45:44] ::1:60874 - "POST /api/v2/tenants/default_tenant/databases/default_database/collections HTTP/1.1" 200
[33mWARNING[0m:  [23-03-2025 15:45:44] Add of existing embedding ID: ..\web-development.md
[33mWARNING[0m:  [23-03-2025 15:45:44] Insert of existing embedding ID: ..\web-development.md
[32mINFO[0m:     [23-03-2025 15:45:44] ::1:60875 - "POST /api/v2/tenants/default_tenant/databases/default_database/collections/1bc641bb-f221-4a37-9980-ef79fc53fb1a/add HTTP/1.1" 201
[33mWARNING[0m:  [23-03-2025 15:45:44] Add of existing embedding ID: ..\typescript.md
[33mWARNING[0m:  [23-03-2025 15:45:44] Insert of existing embedding ID: ..\typescript.md
[32mINFO[0m:     [23-03-2025 15:45:44] ::1:60874 - "POST /api/v2/tenants/default_tenant/databases/default_database/collections/1bc641bb-f221-4a37-9980-ef79fc53fb1a/add HTTP/1.1" 201
[33mWARNING[0m:  [23-03-2025 15:45:44] Add of existing embedding ID: ..\dogs.md
[33mWARNING[0m:  [23-03-2025 15:45:44] Insert of existing embedding ID: ..\dogs.md
[32mINFO[0m:     [23-03-2025 15:45:44] ::1:60875 - "POST /api/v2/tenants/default_tenant/databases/default_database/collections/1bc641bb-f221-4a37-9980-ef79fc53fb1a/add HTTP/1.1" 201
[33mWARNING[0m:  [23-03-2025 15:45:44] Add of existing embedding ID: ..\coding-best-practices.md
[33mWARNING[0m:  [23-03-2025 15:45:44] Insert of existing embedding ID: ..\coding-best-practices.md
[32mINFO[0m:     [23-03-2025 15:45:44] ::1:60874 - "POST /api/v2/tenants/default_tenant/databases/default_database/collections/1bc641bb-f221-4a37-9980-ef79fc53fb1a/add HTTP/1.1" 201
[33mWARNING[0m:  [23-03-2025 15:45:44] Number of requested results 5 is greater than number of elements in index 4, updating n_results = 4
[32mINFO[0m:     [23-03-2025 15:45:44] ::1:60875 - "POST /api/v2/tenants/default_tenant/databases/default_database/collections/1bc641bb-f221-4a37-9980-ef79fc53fb1a/query HTTP/1.1" 200
[32mINFO[0m:     [23-03-2025 15:46:08] ::1:60892 - "GET /api/v2/tenants/default_tenant HTTP/1.1" 200
[32mINFO[0m:     [23-03-2025 15:46:08] ::1:60893 - "GET /api/v2/tenants/default_tenant/databases/default_database HTTP/1.1" 200
[36mDEBUG[0m:    [23-03-2025 15:46:08] Collection ai_base already exists, returning existing collection.
[32mINFO[0m:     [23-03-2025 15:46:08] ::1:60892 - "POST /api/v2/tenants/default_tenant/databases/default_database/collections HTTP/1.1" 200
[33mWARNING[0m:  [23-03-2025 15:46:08] Add of existing embedding ID: ..\web-development.md
[33mWARNING[0m:  [23-03-2025 15:46:08] Insert of existing embedding ID: ..\web-development.md
[32mINFO[0m:     [23-03-2025 15:46:08] ::1:60893 - "POST /api/v2/tenants/default_tenant/databases/default_database/collections/1bc641bb-f221-4a37-9980-ef79fc53fb1a/add HTTP/1.1" 201
[33mWARNING[0m:  [23-03-2025 15:46:08] Add of existing embedding ID: ..\typescript.md
[33mWARNING[0m:  [23-03-2025 15:46:08] Insert of existing embedding ID: ..\typescript.md
[32mINFO[0m:     [23-03-2025 15:46:08] ::1:60892 - "POST /api/v2/tenants/default_tenant/databases/default_database/collections/1bc641bb-f221-4a37-9980-ef79fc53fb1a/add HTTP/1.1" 201
[33mWARNING[0m:  [23-03-2025 15:46:08] Add of existing embedding ID: ..\dogs.md
[33mWARNING[0m:  [23-03-2025 15:46:08] Insert of existing embedding ID: ..\dogs.md
[32mINFO[0m:     [23-03-2025 15:46:08] ::1:60893 - "POST /api/v2/tenants/default_tenant/databases/default_database/collections/1bc641bb-f221-4a37-9980-ef79fc53fb1a/add HTTP/1.1" 201
[33mWARNING[0m:  [23-03-2025 15:46:08] Add of existing embedding ID: ..\coding-best-practices.md
[33mWARNING[0m:  [23-03-2025 15:46:08] Insert of existing embedding ID: ..\coding-best-practices.md
[32mINFO[0m:     [23-03-2025 15:46:08] ::1:60892 - "POST /api/v2/tenants/default_tenant/databases/default_database/collections/1bc641bb-f221-4a37-9980-ef79fc53fb1a/add HTTP/1.1" 201
[33mWARNING[0m:  [23-03-2025 15:46:08] Number of requested results 5 is greater than number of elements in index 4, updating n_results = 4
[32mINFO[0m:     [23-03-2025 15:46:08] ::1:60893 - "POST /api/v2/tenants/default_tenant/databases/default_database/collections/1bc641bb-f221-4a37-9980-ef79fc53fb1a/query HTTP/1.1" 200
[32mINFO[0m:     [23-03-2025 15:46:34] ::1:60912 - "GET /api/v2/tenants/default_tenant HTTP/1.1" 200
[32mINFO[0m:     [23-03-2025 15:46:34] ::1:60913 - "GET /api/v2/tenants/default_tenant/databases/default_database HTTP/1.1" 200
[36mDEBUG[0m:    [23-03-2025 15:46:34] Collection ai_base already exists, returning existing collection.
[32mINFO[0m:     [23-03-2025 15:46:34] ::1:60912 - "POST /api/v2/tenants/default_tenant/databases/default_database/collections HTTP/1.1" 200
[33mWARNING[0m:  [23-03-2025 15:46:34] Add of existing embedding ID: ..\web-development.md
[33mWARNING[0m:  [23-03-2025 15:46:34] Insert of existing embedding ID: ..\web-development.md
[32mINFO[0m:     [23-03-2025 15:46:34] ::1:60913 - "POST /api/v2/tenants/default_tenant/databases/default_database/collections/1bc641bb-f221-4a37-9980-ef79fc53fb1a/add HTTP/1.1" 201
[33mWARNING[0m:  [23-03-2025 15:46:34] Add of existing embedding ID: ..\typescript.md
[33mWARNING[0m:  [23-03-2025 15:46:34] Insert of existing embedding ID: ..\typescript.md
[32mINFO[0m:     [23-03-2025 15:46:34] ::1:60912 - "POST /api/v2/tenants/default_tenant/databases/default_database/collections/1bc641bb-f221-4a37-9980-ef79fc53fb1a/add HTTP/1.1" 201
[33mWARNING[0m:  [23-03-2025 15:46:34] Add of existing embedding ID: ..\dogs.md
[33mWARNING[0m:  [23-03-2025 15:46:34] Insert of existing embedding ID: ..\dogs.md
[32mINFO[0m:     [23-03-2025 15:46:34] ::1:60913 - "POST /api/v2/tenants/default_tenant/databases/default_database/collections/1bc641bb-f221-4a37-9980-ef79fc53fb1a/add HTTP/1.1" 201
[33mWARNING[0m:  [23-03-2025 15:46:34] Add of existing embedding ID: ..\coding-best-practices.md
[33mWARNING[0m:  [23-03-2025 15:46:34] Insert of existing embedding ID: ..\coding-best-practices.md
[32mINFO[0m:     [23-03-2025 15:46:34] ::1:60912 - "POST /api/v2/tenants/default_tenant/databases/default_database/collections/1bc641bb-f221-4a37-9980-ef79fc53fb1a/add HTTP/1.1" 201
[33mWARNING[0m:  [23-03-2025 15:46:34] Number of requested results 5 is greater than number of elements in index 4, updating n_results = 4
[32mINFO[0m:     [23-03-2025 15:46:34] ::1:60913 - "POST /api/v2/tenants/default_tenant/databases/default_database/collections/1bc641bb-f221-4a37-9980-ef79fc53fb1a/query HTTP/1.1" 200
[32mINFO[0m:     [23-03-2025 15:48:12] Shutting down
[32mINFO[0m:     [23-03-2025 15:48:12] Waiting for application shutdown.
[36mDEBUG[0m:    [23-03-2025 15:48:12] Stopping component System
[36mDEBUG[0m:    [23-03-2025 15:48:12] Stopping component SegmentAPI
[36mDEBUG[0m:    [23-03-2025 15:48:12] Stopping component LocalExecutor
[36mDEBUG[0m:    [23-03-2025 15:48:12] Stopping component PersistentLocalHnswSegment
[36mDEBUG[0m:    [23-03-2025 15:48:12] Stopping component LocalSegmentManager
[36mDEBUG[0m:    [23-03-2025 15:48:12] Stopping component SimpleAsyncRateLimitEnforcer
[36mDEBUG[0m:    [23-03-2025 15:48:12] Stopping component SimpleRateLimitEnforcer
[36mDEBUG[0m:    [23-03-2025 15:48:12] Stopping component Posthog
[36mDEBUG[0m:    [23-03-2025 15:48:12] Stopping component SimpleQuotaEnforcer
[36mDEBUG[0m:    [23-03-2025 15:48:12] Stopping component SqliteDB
[36mDEBUG[0m:    [23-03-2025 15:48:12] Stopping component OpenTelemetryClient
[32mINFO[0m:     [23-03-2025 15:48:12] Application shutdown complete.
[32mINFO[0m:     [23-03-2025 15:48:12] Finished server process [[36m19676[0m]
[33mWARNING[0m:  [23-03-2025 15:48:20] chroma_server_nofile is not supported on Windows. chroma_server_nofile will not be set.
[32mINFO[0m:     [23-03-2025 15:48:21] Anonymized telemetry enabled. See                     https://docs.trychroma.com/telemetry for more information.
[36mDEBUG[0m:    [23-03-2025 15:48:21] Starting component System
[36mDEBUG[0m:    [23-03-2025 15:48:21] Starting component OpenTelemetryClient
[36mDEBUG[0m:    [23-03-2025 15:48:21] Starting component SqliteDB
[36mDEBUG[0m:    [23-03-2025 15:48:21] Starting component SimpleQuotaEnforcer
[36mDEBUG[0m:    [23-03-2025 15:48:21] Starting component Posthog
[36mDEBUG[0m:    [23-03-2025 15:48:21] Starting component SimpleRateLimitEnforcer
[36mDEBUG[0m:    [23-03-2025 15:48:21] Starting component LocalSegmentManager
[36mDEBUG[0m:    [23-03-2025 15:48:21] Starting component LocalExecutor
[36mDEBUG[0m:    [23-03-2025 15:48:21] Starting component SegmentAPI
[36mDEBUG[0m:    [23-03-2025 15:48:21] Starting component SimpleAsyncRateLimitEnforcer
[32mINFO[0m:     [23-03-2025 15:48:21] Started server process [[36m26008[0m]
[32mINFO[0m:     [23-03-2025 15:48:21] Waiting for application startup.
[32mINFO[0m:     [23-03-2025 15:48:21] Application startup complete.
[32mINFO[0m:     [23-03-2025 15:48:21] Uvicorn running on [1mhttp://localhost:8000[0m (Press CTRL+C to quit)
[32mINFO[0m:     [23-03-2025 15:48:31] ::1:60989 - "GET /api/v2/tenants/default_tenant HTTP/1.1" 200
[32mINFO[0m:     [23-03-2025 15:48:31] ::1:60990 - "GET /api/v2/tenants/default_tenant/databases/default_database HTTP/1.1" 200
[36mDEBUG[0m:    [23-03-2025 15:48:31] Collection ai_base already exists, returning existing collection.
[32mINFO[0m:     [23-03-2025 15:48:31] ::1:60989 - "POST /api/v2/tenants/default_tenant/databases/default_database/collections HTTP/1.1" 200
[36mDEBUG[0m:    [23-03-2025 15:48:31] Starting component PersistentLocalHnswSegment
[33mWARNING[0m:  [23-03-2025 15:48:31] Add of existing embedding ID: ..\web-development.md
[33mWARNING[0m:  [23-03-2025 15:48:31] Add of existing embedding ID: ..\typescript.md
[33mWARNING[0m:  [23-03-2025 15:48:31] Add of existing embedding ID: ..\dogs.md
[33mWARNING[0m:  [23-03-2025 15:48:31] Add of existing embedding ID: ..\coding-best-practices.md
[33mWARNING[0m:  [23-03-2025 15:48:31] Add of existing embedding ID: ..\web-development.md
[33mWARNING[0m:  [23-03-2025 15:48:31] Add of existing embedding ID: ..\typescript.md
[33mWARNING[0m:  [23-03-2025 15:48:31] Add of existing embedding ID: ..\dogs.md
[33mWARNING[0m:  [23-03-2025 15:48:31] Add of existing embedding ID: ..\coding-best-practices.md
[33mWARNING[0m:  [23-03-2025 15:48:31] Add of existing embedding ID: ..\web-development.md
[33mWARNING[0m:  [23-03-2025 15:48:31] Add of existing embedding ID: ..\typescript.md
[33mWARNING[0m:  [23-03-2025 15:48:31] Add of existing embedding ID: ..\dogs.md
[33mWARNING[0m:  [23-03-2025 15:48:31] Add of existing embedding ID: ..\coding-best-practices.md
[33mWARNING[0m:  [23-03-2025 15:48:31] Add of existing embedding ID: ..\web-development.md
[33mWARNING[0m:  [23-03-2025 15:48:31] Add of existing embedding ID: ..\typescript.md
[33mWARNING[0m:  [23-03-2025 15:48:31] Add of existing embedding ID: ..\dogs.md
[33mWARNING[0m:  [23-03-2025 15:48:31] Add of existing embedding ID: ..\coding-best-practices.md
[33mWARNING[0m:  [23-03-2025 15:48:31] Add of existing embedding ID: ..\web-development.md
[33mWARNING[0m:  [23-03-2025 15:48:31] Add of existing embedding ID: ..\typescript.md
[33mWARNING[0m:  [23-03-2025 15:48:31] Add of existing embedding ID: ..\dogs.md
[33mWARNING[0m:  [23-03-2025 15:48:31] Add of existing embedding ID: ..\coding-best-practices.md
[33mWARNING[0m:  [23-03-2025 15:48:32] Add of existing embedding ID: ..\web-development.md
[33mWARNING[0m:  [23-03-2025 15:48:32] Insert of existing embedding ID: ..\web-development.md
[32mINFO[0m:     [23-03-2025 15:48:32] ::1:60990 - "POST /api/v2/tenants/default_tenant/databases/default_database/collections/1bc641bb-f221-4a37-9980-ef79fc53fb1a/add HTTP/1.1" 201
[33mWARNING[0m:  [23-03-2025 15:48:32] Add of existing embedding ID: ..\typescript.md
[33mWARNING[0m:  [23-03-2025 15:48:32] Insert of existing embedding ID: ..\typescript.md
[32mINFO[0m:     [23-03-2025 15:48:32] ::1:60989 - "POST /api/v2/tenants/default_tenant/databases/default_database/collections/1bc641bb-f221-4a37-9980-ef79fc53fb1a/add HTTP/1.1" 201
[33mWARNING[0m:  [23-03-2025 15:48:32] Add of existing embedding ID: ..\dogs.md
[33mWARNING[0m:  [23-03-2025 15:48:32] Insert of existing embedding ID: ..\dogs.md
[32mINFO[0m:     [23-03-2025 15:48:32] ::1:60990 - "POST /api/v2/tenants/default_tenant/databases/default_database/collections/1bc641bb-f221-4a37-9980-ef79fc53fb1a/add HTTP/1.1" 201
[33mWARNING[0m:  [23-03-2025 15:48:32] Add of existing embedding ID: ..\coding-best-practices.md
[33mWARNING[0m:  [23-03-2025 15:48:32] Insert of existing embedding ID: ..\coding-best-practices.md
[32mINFO[0m:     [23-03-2025 15:48:32] ::1:60989 - "POST /api/v2/tenants/default_tenant/databases/default_database/collections/1bc641bb-f221-4a37-9980-ef79fc53fb1a/add HTTP/1.1" 201
[33mWARNING[0m:  [23-03-2025 15:48:32] Number of requested results 5 is greater than number of elements in index 4, updating n_results = 4
[32mINFO[0m:     [23-03-2025 15:48:32] ::1:60990 - "POST /api/v2/tenants/default_tenant/databases/default_database/collections/1bc641bb-f221-4a37-9980-ef79fc53fb1a/query HTTP/1.1" 200
